# JRE version: OpenJDK Runtime Environment Temurin-21.0.10+7 (21.0.10+7) (build 21.0.10+7-LTS)
# Java VM: OpenJDK 64-Bit Server VM Temurin-21.0.10+7 (21.0.10+7-LTS, mixed mode, sharing, tiered, compressed oops, compressed class ptrs, parallel gc, windows-amd64)
GC Precious Log:
 CardTable entry size: 512
 CPUs: 12 total, 12 available
 Memory: 15710M
 Large Page Support: Disabled
 NUMA Support: Disabled
 Compressed Oops: Enabled (32-bit)
 Alignments: Space 512K, Generation 512K, Heap 2M
 Heap Min Capacity: 100M
 Heap Initial Capacity: 100M
 Heap Max Capacity: 2G
 Pre-touch: Disabled
 Parallel Workers: 10
Heap:
 PSYoungGen      total 5632K, used 3962K [0x00000000d5580000, 0x00000000d5d80000, 0x0000000100000000)
  eden space 5120K, 71% used [0x00000000d5580000,0x00000000d590eb08,0x00000000d5a80000)
  from space 512K, 62% used [0x00000000d5d00000,0x00000000d5d50000,0x00000000d5d80000)
  to   space 512K, 0% used [0x00000000d5a80000,0x00000000d5a80000,0x00000000d5b00000)
 ParOldGen       total 238592K, used 238397K [0x0000000080000000, 0x000000008e900000, 0x00000000d5580000)
  object space 238592K, 99% used [0x0000000080000000,0x000000008e8cf520,0x000000008e900000)
 Metaspace       used 66169K, committed 67776K, reserved 1114112K
  class space    used 6932K, committed 7616K, reserved 1048576K
GC Heap History (20 events):
Event: 19.032 GC heap before
{Heap before GC invocations=464 (full 3):
 PSYoungGen      total 5632K, used 5632K [0x00000000d5580000, 0x00000000d5f00000, 0x0000000100000000)
  eden space 4608K, 100% used [0x00000000d5580000,0x00000000d5a00000,0x00000000d5a00000)
  from space 1024K, 100% used [0x00000000d5c00000,0x00000000d5d00000,0x00000000d5d00000)
  to   space 2048K, 0% used [0x00000000d5a00000,0x00000000d5a00000,0x00000000d5c00000)
 ParOldGen       total 233984K, used 233809K [0x0000000080000000, 0x000000008e480000, 0x00000000d5580000)
  object space 233984K, 99% used [0x0000000080000000,0x000000008e454500,0x000000008e480000)
 Metaspace       used 65930K, committed 67520K, reserved 1114112K
  class space    used 6907K, committed 7616K, reserved 1048576K
}
Event: 19.033 GC heap after
{Heap after GC invocations=464 (full 3):
 PSYoungGen      total 6656K, used 896K [0x00000000d5580000, 0x00000000d5e00000, 0x0000000100000000)
  eden space 4608K, 0% used [0x00000000d5580000,0x00000000d5580000,0x00000000d5a00000)
  from space 2048K, 43% used [0x00000000d5a00000,0x00000000d5ae0000,0x00000000d5c00000)
  to   space 1536K, 0% used [0x00000000d5c80000,0x00000000d5c80000,0x00000000d5e00000)
 ParOldGen       total 234496K, used 234053K [0x0000000080000000, 0x000000008e500000, 0x00000000d5580000)
  object space 234496K, 99% used [0x0000000080000000,0x000000008e491510,0x000000008e500000)
 Metaspace       used 65930K, committed 67520K, reserved 1114112K
  class space    used 6907K, committed 7616K, reserved 1048576K
}
Event: 19.036 GC heap before
{Heap before GC invocations=465 (full 3):
 PSYoungGen      total 6656K, used 5504K [0x00000000d5580000, 0x00000000d5e00000, 0x0000000100000000)
  eden space 4608K, 100% used [0x00000000d5580000,0x00000000d5a00000,0x00000000d5a00000)
  from space 2048K, 43% used [0x00000000d5a00000,0x00000000d5ae0000,0x00000000d5c00000)
  to   space 1536K, 0% used [0x00000000d5c80000,0x00000000d5c80000,0x00000000d5e00000)
 ParOldGen       total 234496K, used 234053K [0x0000000080000000, 0x000000008e500000, 0x00000000d5580000)
  object space 234496K, 99% used [0x0000000080000000,0x000000008e491510,0x000000008e500000)
 Metaspace       used 65932K, committed 67520K, reserved 1114112K
  class space    used 6907K, committed 7616K, reserved 1048576K
}
Event: 19.037 GC heap after
{Heap after GC invocations=465 (full 3):
 PSYoungGen      total 6656K, used 640K [0x00000000d5580000, 0x00000000d5d80000, 0x0000000100000000)
  eden space 5632K, 0% used [0x00000000d5580000,0x00000000d5580000,0x00000000d5b00000)
  from space 1024K, 62% used [0x00000000d5c80000,0x00000000d5d20000,0x00000000d5d80000)
  to   space 1024K, 0% used [0x00000000d5b80000,0x00000000d5b80000,0x00000000d5c80000)
 ParOldGen       total 235008K, used 234509K [0x0000000080000000, 0x000000008e580000, 0x00000000d5580000)
  object space 235008K, 99% used [0x0000000080000000,0x000000008e503510,0x000000008e580000)
 Metaspace       used 65932K, committed 67520K, reserved 1114112K
  class space    used 6907K, committed 7616K, reserved 1048576K
}
Event: 19.041 GC heap before
{Heap before GC invocations=466 (full 3):
 PSYoungGen      total 6656K, used 6272K [0x00000000d5580000, 0x00000000d5d80000, 0x0000000100000000)
  eden space 5632K, 100% used [0x00000000d5580000,0x00000000d5b00000,0x00000000d5b00000)
  from space 1024K, 62% used [0x00000000d5c80000,0x00000000d5d20000,0x00000000d5d80000)
  to   space 1024K, 0% used [0x00000000d5b80000,0x00000000d5b80000,0x00000000d5c80000)
 ParOldGen       total 235008K, used 234509K [0x0000000080000000, 0x000000008e580000, 0x00000000d5580000)
  object space 235008K, 99% used [0x0000000080000000,0x000000008e503510,0x000000008e580000)
 Metaspace       used 65932K, committed 67520K, reserved 1114112K
  class space    used 6907K, committed 7616K, reserved 1048576K
}
Event: 19.043 GC heap after
{Heap after GC invocations=466 (full 3):
 PSYoungGen      total 7168K, used 896K [0x00000000d5580000, 0x00000000d5e80000, 0x0000000100000000)
  eden space 6144K, 0% used [0x00000000d5580000,0x00000000d5580000,0x00000000d5b80000)
  from space 1024K, 87% used [0x00000000d5b80000,0x00000000d5c60000,0x00000000d5c80000)
  to   space 1024K, 0% used [0x00000000d5d80000,0x00000000d5d80000,0x00000000d5e80000)
 ParOldGen       total 235008K, used 234685K [0x0000000080000000, 0x000000008e580000, 0x00000000d5580000)
  object space 235008K, 99% used [0x0000000080000000,0x000000008e52f510,0x000000008e580000)
 Metaspace       used 65932K, committed 67520K, reserved 1114112K
  class space    used 6907K, committed 7616K, reserved 1048576K
}
Event: 19.047 GC heap before
{Heap before GC invocations=467 (full 3):
 PSYoungGen      total 7168K, used 7040K [0x00000000d5580000, 0x00000000d5e80000, 0x0000000100000000)
  eden space 6144K, 100% used [0x00000000d5580000,0x00000000d5b80000,0x00000000d5b80000)
  from space 1024K, 87% used [0x00000000d5b80000,0x00000000d5c60000,0x00000000d5c80000)
  to   space 1024K, 0% used [0x00000000d5d80000,0x00000000d5d80000,0x00000000d5e80000)
 ParOldGen       total 235008K, used 234685K [0x0000000080000000, 0x000000008e580000, 0x00000000d5580000)
  object space 235008K, 99% used [0x0000000080000000,0x000000008e52f510,0x000000008e580000)
 Metaspace       used 65932K, committed 67520K, reserved 1114112K
  class space    used 6907K, committed 7616K, reserved 1048576K
}
Event: 19.049 GC heap after
{Heap after GC invocations=467 (full 3):
 PSYoungGen      total 8192K, used 864K [0x00000000d5580000, 0x00000000d5f00000, 0x0000000100000000)
  eden space 7168K, 0% used [0x00000000d5580000,0x00000000d5580000,0x00000000d5c80000)
  from space 1024K, 84% used [0x00000000d5d80000,0x00000000d5e58000,0x00000000d5e80000)
  to   space 1024K, 0% used [0x00000000d5c80000,0x00000000d5c80000,0x00000000d5d80000)
 ParOldGen       total 235520K, used 235101K [0x0000000080000000, 0x000000008e600000, 0x00000000d5580000)
  object space 235520K, 99% used [0x0000000080000000,0x000000008e597510,0x000000008e600000)
 Metaspace       used 65932K, committed 67520K, reserved 1114112K
  class space    used 6907K, committed 7616K, reserved 1048576K
}
Event: 19.056 GC heap before
{Heap before GC invocations=468 (full 3):
 PSYoungGen      total 8192K, used 8032K [0x00000000d5580000, 0x00000000d5f00000, 0x0000000100000000)
  eden space 7168K, 100% used [0x00000000d5580000,0x00000000d5c80000,0x00000000d5c80000)
  from space 1024K, 84% used [0x00000000d5d80000,0x00000000d5e58000,0x00000000d5e80000)
  to   space 1024K, 0% used [0x00000000d5c80000,0x00000000d5c80000,0x00000000d5d80000)
 ParOldGen       total 235520K, used 235101K [0x0000000080000000, 0x000000008e600000, 0x00000000d5580000)
  object space 235520K, 99% used [0x0000000080000000,0x000000008e597510,0x000000008e600000)
 Metaspace       used 65932K, committed 67520K, reserved 1114112K
  class space    used 6907K, committed 7616K, reserved 1048576K
}
Event: 19.057 GC heap after
{Heap after GC invocations=468 (full 3):
 PSYoungGen      total 8192K, used 1024K [0x00000000d5580000, 0x00000000d6080000, 0x0000000100000000)
  eden space 7168K, 0% used [0x00000000d5580000,0x00000000d5580000,0x00000000d5c80000)
  from space 1024K, 100% used [0x00000000d5c80000,0x00000000d5d80000,0x00000000d5d80000)
  to   space 2048K, 0% used [0x00000000d5e80000,0x00000000d5e80000,0x00000000d6080000)
 ParOldGen       total 236032K, used 235621K [0x0000000080000000, 0x000000008e680000, 0x00000000d5580000)
  object space 236032K, 99% used [0x0000000080000000,0x000000008e619510,0x000000008e680000)
 Metaspace       used 65932K, committed 67520K, reserved 1114112K
  class space    used 6907K, committed 7616K, reserved 1048576K
}
Event: 19.066 GC heap before
{Heap before GC invocations=469 (full 3):
 PSYoungGen      total 8192K, used 8192K [0x00000000d5580000, 0x00000000d6080000, 0x0000000100000000)
  eden space 7168K, 100% used [0x00000000d5580000,0x00000000d5c80000,0x00000000d5c80000)
  from space 1024K, 100% used [0x00000000d5c80000,0x00000000d5d80000,0x00000000d5d80000)
  to   space 2048K, 0% used [0x00000000d5e80000,0x00000000d5e80000,0x00000000d6080000)
 ParOldGen       total 236032K, used 235621K [0x0000000080000000, 0x000000008e680000, 0x00000000d5580000)
  object space 236032K, 99% used [0x0000000080000000,0x000000008e619510,0x000000008e680000)
 Metaspace       used 65932K, committed 67520K, reserved 1114112K
  class space    used 6907K, committed 7616K, reserved 1048576K
}
Event: 19.067 GC heap after
{Heap after GC invocations=469 (full 3):
 PSYoungGen      total 7680K, used 512K [0x00000000d5580000, 0x00000000d5f00000, 0x0000000100000000)
  eden space 7168K, 0% used [0x00000000d5580000,0x00000000d5580000,0x00000000d5c80000)
  from space 512K, 100% used [0x00000000d5e80000,0x00000000d5f00000,0x00000000d5f00000)
  to   space 1024K, 0% used [0x00000000d5d00000,0x00000000d5d00000,0x00000000d5e00000)
 ParOldGen       total 236032K, used 236021K [0x0000000080000000, 0x000000008e680000, 0x00000000d5580000)
  object space 236032K, 99% used [0x0000000080000000,0x000000008e67d510,0x000000008e680000)
 Metaspace       used 65932K, committed 67520K, reserved 1114112K
  class space    used 6907K, committed 7616K, reserved 1048576K
}
Event: 19.119 GC heap before
{Heap before GC invocations=470 (full 3):
 PSYoungGen      total 7680K, used 7672K [0x00000000d5580000, 0x00000000d5f00000, 0x0000000100000000)
  eden space 7168K, 99% used [0x00000000d5580000,0x00000000d5c7e100,0x00000000d5c80000)
  from space 512K, 100% used [0x00000000d5e80000,0x00000000d5f00000,0x00000000d5f00000)
  to   space 1024K, 0% used [0x00000000d5d00000,0x00000000d5d00000,0x00000000d5e00000)
 ParOldGen       total 236032K, used 236021K [0x0000000080000000, 0x000000008e680000, 0x00000000d5580000)
  object space 236032K, 99% used [0x0000000080000000,0x000000008e67d510,0x000000008e680000)
 Metaspace       used 65932K, committed 67520K, reserved 1114112K
  class space    used 6907K, committed 7616K, reserved 1048576K
}
Event: 19.120 GC heap after
{Heap after GC invocations=470 (full 3):
 PSYoungGen      total 8192K, used 588K [0x00000000d5580000, 0x00000000d5f00000, 0x0000000100000000)
  eden space 7168K, 0% used [0x00000000d5580000,0x00000000d5580000,0x00000000d5c80000)
  from space 1024K, 57% used [0x00000000d5d00000,0x00000000d5d93138,0x00000000d5e00000)
  to   space 1024K, 0% used [0x00000000d5e00000,0x00000000d5e00000,0x00000000d5f00000)
 ParOldGen       total 236544K, used 236421K [0x0000000080000000, 0x000000008e700000, 0x00000000d5580000)
  object space 236544K, 99% used [0x0000000080000000,0x000000008e6e1510,0x000000008e700000)
 Metaspace       used 65932K, committed 67520K, reserved 1114112K
  class space    used 6907K, committed 7616K, reserved 1048576K
}
Event: 19.141 GC heap before
{Heap before GC invocations=471 (full 3):
 PSYoungGen      total 8192K, used 7756K [0x00000000d5580000, 0x00000000d5f00000, 0x0000000100000000)
  eden space 7168K, 100% used [0x00000000d5580000,0x00000000d5c80000,0x00000000d5c80000)
  from space 1024K, 57% used [0x00000000d5d00000,0x00000000d5d93138,0x00000000d5e00000)
  to   space 1024K, 0% used [0x00000000d5e00000,0x00000000d5e00000,0x00000000d5f00000)
 ParOldGen       total 236544K, used 236421K [0x0000000080000000, 0x000000008e700000, 0x00000000d5580000)
  object space 236544K, 99% used [0x0000000080000000,0x000000008e6e1510,0x000000008e700000)
 Metaspace       used 65932K, committed 67520K, reserved 1114112K
  class space    used 6907K, committed 7616K, reserved 1048576K
}
Event: 19.143 GC heap after
{Heap after GC invocations=471 (full 3):
 PSYoungGen      total 6144K, used 1006K [0x00000000d5580000, 0x00000000d6380000, 0x0000000100000000)
  eden space 5120K, 0% used [0x00000000d5580000,0x00000000d5580000,0x00000000d5a80000)
  from space 1024K, 98% used [0x00000000d5e00000,0x00000000d5efb9b8,0x00000000d5f00000)
  to   space 3584K, 0% used [0x00000000d5a80000,0x00000000d5a80000,0x00000000d5e00000)
 ParOldGen       total 238592K, used 238317K [0x0000000080000000, 0x000000008e900000, 0x00000000d5580000)
  object space 238592K, 99% used [0x0000000080000000,0x000000008e8bb520,0x000000008e900000)
 Metaspace       used 65932K, committed 67520K, reserved 1114112K
  class space    used 6907K, committed 7616K, reserved 1048576K
}
Event: 19.159 GC heap before
{Heap before GC invocations=472 (full 3):
 PSYoungGen      total 6144K, used 6120K [0x00000000d5580000, 0x00000000d6380000, 0x0000000100000000)
  eden space 5120K, 99% used [0x00000000d5580000,0x00000000d5a7e828,0x00000000d5a80000)
  from space 1024K, 98% used [0x00000000d5e00000,0x00000000d5efb9b8,0x00000000d5f00000)
  to   space 3584K, 0% used [0x00000000d5a80000,0x00000000d5a80000,0x00000000d5e00000)
 ParOldGen       total 238592K, used 238317K [0x0000000080000000, 0x000000008e900000, 0x00000000d5580000)
  object space 238592K, 99% used [0x0000000080000000,0x000000008e8bb520,0x000000008e900000)
 Metaspace       used 65932K, committed 67520K, reserved 1114112K
  class space    used 6907K, committed 7616K, reserved 1048576K
}
Event: 19.160 GC heap after
{Heap after GC invocations=472 (full 3):
 PSYoungGen      total 5632K, used 224K [0x00000000d5580000, 0x00000000d5e80000, 0x0000000100000000)
  eden space 5120K, 0% used [0x00000000d5580000,0x00000000d5580000,0x00000000d5a80000)
  from space 512K, 43% used [0x00000000d5a80000,0x00000000d5ab8000,0x00000000d5b00000)
  to   space 1536K, 0% used [0x00000000d5d00000,0x00000000d5d00000,0x00000000d5e80000)
 ParOldGen       total 238592K, used 238373K [0x0000000080000000, 0x000000008e900000, 0x00000000d5580000)
  object space 238592K, 99% used [0x0000000080000000,0x000000008e8c9520,0x000000008e900000)
 Metaspace       used 65932K, committed 67520K, reserved 1114112K
  class space    used 6907K, committed 7616K, reserved 1048576K
}
Event: 19.445 GC heap before
{Heap before GC invocations=473 (full 3):
 PSYoungGen      total 5632K, used 5344K [0x00000000d5580000, 0x00000000d5e80000, 0x0000000100000000)
  eden space 5120K, 100% used [0x00000000d5580000,0x00000000d5a80000,0x00000000d5a80000)
  from space 512K, 43% used [0x00000000d5a80000,0x00000000d5ab8000,0x00000000d5b00000)
  to   space 1536K, 0% used [0x00000000d5d00000,0x00000000d5d00000,0x00000000d5e80000)
 ParOldGen       total 238592K, used 238373K [0x0000000080000000, 0x000000008e900000, 0x00000000d5580000)
  object space 238592K, 99% used [0x0000000080000000,0x000000008e8c9520,0x000000008e900000)
 Metaspace       used 65932K, committed 67520K, reserved 1114112K
  class space    used 6907K, committed 7616K, reserved 1048576K
}
Event: 19.446 GC heap after
{Heap after GC invocations=473 (full 3):
 PSYoungGen      total 5632K, used 320K [0x00000000d5580000, 0x00000000d5d80000, 0x0000000100000000)
  eden space 5120K, 0% used [0x00000000d5580000,0x00000000d5580000,0x00000000d5a80000)
  from space 512K, 62% used [0x00000000d5d00000,0x00000000d5d50000,0x00000000d5d80000)
  to   space 512K, 0% used [0x00000000d5a80000,0x00000000d5a80000,0x00000000d5b00000)
 ParOldGen       total 238592K, used 238397K [0x0000000080000000, 0x000000008e900000, 0x00000000d5580000)
  object space 238592K, 99% used [0x0000000080000000,0x000000008e8cf520,0x000000008e900000)
 Metaspace       used 65932K, committed 67520K, reserved 1114112K
  class space    used 6907K, committed 7616K, reserved 1048576K
}

