# JRE version: OpenJDK Runtime Environment Temurin-21.0.10+7 (21.0.10+7) (build 21.0.10+7-LTS)
# Java VM: OpenJDK 64-Bit Server VM Temurin-21.0.10+7 (21.0.10+7-LTS, mixed mode, sharing, tiered, compressed oops, compressed class ptrs, parallel gc, windows-amd64)
GC Precious Log:
 CardTable entry size: 512
 CPUs: 12 total, 12 available
 Memory: 15710M
 Large Page Support: Disabled
 NUMA Support: Disabled
 Compressed Oops: Enabled (32-bit)
 Alignments: Space 512K, Generation 512K, Heap 2M
 Heap Min Capacity: 100M
 Heap Initial Capacity: 100M
 Heap Max Capacity: 2G
 Pre-touch: Disabled
 Parallel Workers: 10
Heap:
 PSYoungGen      total 3584K, used 3057K [0x00000000d5580000, 0x00000000d5b80000, 0x0000000100000000)
  eden space 3072K, 87% used [0x00000000d5580000,0x00000000d581cde8,0x00000000d5880000)
  from space 512K, 74% used [0x00000000d5a80000,0x00000000d5adf8a8,0x00000000d5b00000)
  to   space 512K, 0% used [0x00000000d5b00000,0x00000000d5b00000,0x00000000d5b80000)
 ParOldGen       total 132096K, used 131783K [0x0000000080000000, 0x0000000088100000, 0x00000000d5580000)
  object space 132096K, 99% used [0x0000000080000000,0x00000000880b1ed8,0x0000000088100000)
 Metaspace       used 54230K, committed 55552K, reserved 1114112K
  class space    used 5796K, committed 6464K, reserved 1048576K
GC Heap History (20 events):
Event: 15.223 GC heap before
{Heap before GC invocations=255 (full 2):
 PSYoungGen      total 3584K, used 3328K [0x00000000d5580000, 0x00000000d5b80000, 0x0000000100000000)
  eden space 3072K, 100% used [0x00000000d5580000,0x00000000d5880000,0x00000000d5880000)
  from space 512K, 50% used [0x00000000d5b00000,0x00000000d5b40000,0x00000000d5b80000)
  to   space 512K, 0% used [0x00000000d5a80000,0x00000000d5a80000,0x00000000d5b00000)
 ParOldGen       total 129536K, used 129293K [0x0000000080000000, 0x0000000087e80000, 0x00000000d5580000)
  object space 129536K, 99% used [0x0000000080000000,0x0000000087e43710,0x0000000087e80000)
 Metaspace       used 54215K, committed 55552K, reserved 1114112K
  class space    used 5796K, committed 6464K, reserved 1048576K
}
Event: 15.223 GC heap after
{Heap after GC invocations=255 (full 2):
 PSYoungGen      total 3584K, used 224K [0x00000000d5580000, 0x00000000d5b80000, 0x0000000100000000)
  eden space 3072K, 0% used [0x00000000d5580000,0x00000000d5580000,0x00000000d5880000)
  from space 512K, 43% used [0x00000000d5a80000,0x00000000d5ab8000,0x00000000d5b00000)
  to   space 512K, 0% used [0x00000000d5b00000,0x00000000d5b00000,0x00000000d5b80000)
 ParOldGen       total 129536K, used 129389K [0x0000000080000000, 0x0000000087e80000, 0x00000000d5580000)
  object space 129536K, 99% used [0x0000000080000000,0x0000000087e5b710,0x0000000087e80000)
 Metaspace       used 54215K, committed 55552K, reserved 1114112K
  class space    used 5796K, committed 6464K, reserved 1048576K
}
Event: 15.231 GC heap before
{Heap before GC invocations=256 (full 2):
 PSYoungGen      total 3584K, used 3296K [0x00000000d5580000, 0x00000000d5b80000, 0x0000000100000000)
  eden space 3072K, 100% used [0x00000000d5580000,0x00000000d5880000,0x00000000d5880000)
  from space 512K, 43% used [0x00000000d5a80000,0x00000000d5ab8000,0x00000000d5b00000)
  to   space 512K, 0% used [0x00000000d5b00000,0x00000000d5b00000,0x00000000d5b80000)
 ParOldGen       total 129536K, used 129389K [0x0000000080000000, 0x0000000087e80000, 0x00000000d5580000)
  object space 129536K, 99% used [0x0000000080000000,0x0000000087e5b710,0x0000000087e80000)
 Metaspace       used 54215K, committed 55552K, reserved 1114112K
  class space    used 5796K, committed 6464K, reserved 1048576K
}
Event: 15.232 GC heap after
{Heap after GC invocations=256 (full 2):
 PSYoungGen      total 3584K, used 381K [0x00000000d5580000, 0x00000000d5b80000, 0x0000000100000000)
  eden space 3072K, 0% used [0x00000000d5580000,0x00000000d5580000,0x00000000d5880000)
  from space 512K, 74% used [0x00000000d5b00000,0x00000000d5b5f6a8,0x00000000d5b80000)
  to   space 512K, 0% used [0x00000000d5a80000,0x00000000d5a80000,0x00000000d5b00000)
 ParOldGen       total 129536K, used 129477K [0x0000000080000000, 0x0000000087e80000, 0x00000000d5580000)
  object space 129536K, 99% used [0x0000000080000000,0x0000000087e71710,0x0000000087e80000)
 Metaspace       used 54215K, committed 55552K, reserved 1114112K
  class space    used 5796K, committed 6464K, reserved 1048576K
}
Event: 15.235 GC heap before
{Heap before GC invocations=257 (full 2):
 PSYoungGen      total 3584K, used 3453K [0x00000000d5580000, 0x00000000d5b80000, 0x0000000100000000)
  eden space 3072K, 100% used [0x00000000d5580000,0x00000000d5880000,0x00000000d5880000)
  from space 512K, 74% used [0x00000000d5b00000,0x00000000d5b5f6a8,0x00000000d5b80000)
  to   space 512K, 0% used [0x00000000d5a80000,0x00000000d5a80000,0x00000000d5b00000)
 ParOldGen       total 129536K, used 129477K [0x0000000080000000, 0x0000000087e80000, 0x00000000d5580000)
  object space 129536K, 99% used [0x0000000080000000,0x0000000087e71710,0x0000000087e80000)
 Metaspace       used 54215K, committed 55552K, reserved 1114112K
  class space    used 5796K, committed 6464K, reserved 1048576K
}
Event: 15.235 GC heap after
{Heap after GC invocations=257 (full 2):
 PSYoungGen      total 3584K, used 192K [0x00000000d5580000, 0x00000000d5b80000, 0x0000000100000000)
  eden space 3072K, 0% used [0x00000000d5580000,0x00000000d5580000,0x00000000d5880000)
  from space 512K, 37% used [0x00000000d5a80000,0x00000000d5ab0000,0x00000000d5b00000)
  to   space 512K, 0% used [0x00000000d5b00000,0x00000000d5b00000,0x00000000d5b80000)
 ParOldGen       total 130048K, used 129685K [0x0000000080000000, 0x0000000087f00000, 0x00000000d5580000)
  object space 130048K, 99% used [0x0000000080000000,0x0000000087ea55b8,0x0000000087f00000)
 Metaspace       used 54215K, committed 55552K, reserved 1114112K
  class space    used 5796K, committed 6464K, reserved 1048576K
}
Event: 15.240 GC heap before
{Heap before GC invocations=258 (full 2):
 PSYoungGen      total 3584K, used 3264K [0x00000000d5580000, 0x00000000d5b80000, 0x0000000100000000)
  eden space 3072K, 100% used [0x00000000d5580000,0x00000000d5880000,0x00000000d5880000)
  from space 512K, 37% used [0x00000000d5a80000,0x00000000d5ab0000,0x00000000d5b00000)
  to   space 512K, 0% used [0x00000000d5b00000,0x00000000d5b00000,0x00000000d5b80000)
 ParOldGen       total 130048K, used 129685K [0x0000000080000000, 0x0000000087f00000, 0x00000000d5580000)
  object space 130048K, 99% used [0x0000000080000000,0x0000000087ea55b8,0x0000000087f00000)
 Metaspace       used 54215K, committed 55552K, reserved 1114112K
  class space    used 5796K, committed 6464K, reserved 1048576K
}
Event: 15.241 GC heap after
{Heap after GC invocations=258 (full 2):
 PSYoungGen      total 3584K, used 256K [0x00000000d5580000, 0x00000000d5b80000, 0x0000000100000000)
  eden space 3072K, 0% used [0x00000000d5580000,0x00000000d5580000,0x00000000d5880000)
  from space 512K, 50% used [0x00000000d5b00000,0x00000000d5b40000,0x00000000d5b80000)
  to   space 512K, 0% used [0x00000000d5a80000,0x00000000d5a80000,0x00000000d5b00000)
 ParOldGen       total 130048K, used 129757K [0x0000000080000000, 0x0000000087f00000, 0x00000000d5580000)
  object space 130048K, 99% used [0x0000000080000000,0x0000000087eb75b8,0x0000000087f00000)
 Metaspace       used 54215K, committed 55552K, reserved 1114112K
  class space    used 5796K, committed 6464K, reserved 1048576K
}
Event: 15.256 GC heap before
{Heap before GC invocations=259 (full 2):
 PSYoungGen      total 3584K, used 3243K [0x00000000d5580000, 0x00000000d5b80000, 0x0000000100000000)
  eden space 3072K, 97% used [0x00000000d5580000,0x00000000d586af58,0x00000000d5880000)
  from space 512K, 50% used [0x00000000d5b00000,0x00000000d5b40000,0x00000000d5b80000)
  to   space 512K, 0% used [0x00000000d5a80000,0x00000000d5a80000,0x00000000d5b00000)
 ParOldGen       total 130048K, used 129757K [0x0000000080000000, 0x0000000087f00000, 0x00000000d5580000)
  object space 130048K, 99% used [0x0000000080000000,0x0000000087eb75b8,0x0000000087f00000)
 Metaspace       used 54216K, committed 55552K, reserved 1114112K
  class space    used 5796K, committed 6464K, reserved 1048576K
}
Event: 15.257 GC heap after
{Heap after GC invocations=259 (full 2):
 PSYoungGen      total 3584K, used 224K [0x00000000d5580000, 0x00000000d5b80000, 0x0000000100000000)
  eden space 3072K, 0% used [0x00000000d5580000,0x00000000d5580000,0x00000000d5880000)
  from space 512K, 43% used [0x00000000d5a80000,0x00000000d5ab8000,0x00000000d5b00000)
  to   space 512K, 0% used [0x00000000d5b00000,0x00000000d5b00000,0x00000000d5b80000)
 ParOldGen       total 130048K, used 129797K [0x0000000080000000, 0x0000000087f00000, 0x00000000d5580000)
  object space 130048K, 99% used [0x0000000080000000,0x0000000087ec15b8,0x0000000087f00000)
 Metaspace       used 54216K, committed 55552K, reserved 1114112K
  class space    used 5796K, committed 6464K, reserved 1048576K
}
Event: 15.261 GC heap before
{Heap before GC invocations=260 (full 2):
 PSYoungGen      total 3584K, used 3296K [0x00000000d5580000, 0x00000000d5b80000, 0x0000000100000000)
  eden space 3072K, 100% used [0x00000000d5580000,0x00000000d5880000,0x00000000d5880000)
  from space 512K, 43% used [0x00000000d5a80000,0x00000000d5ab8000,0x00000000d5b00000)
  to   space 512K, 0% used [0x00000000d5b00000,0x00000000d5b00000,0x00000000d5b80000)
 ParOldGen       total 130048K, used 129797K [0x0000000080000000, 0x0000000087f00000, 0x00000000d5580000)
  object space 130048K, 99% used [0x0000000080000000,0x0000000087ec15b8,0x0000000087f00000)
 Metaspace       used 54218K, committed 55552K, reserved 1114112K
  class space    used 5796K, committed 6464K, reserved 1048576K
}
Event: 15.262 GC heap after
{Heap after GC invocations=260 (full 2):
 PSYoungGen      total 3584K, used 327K [0x00000000d5580000, 0x00000000d5b80000, 0x0000000100000000)
  eden space 3072K, 0% used [0x00000000d5580000,0x00000000d5580000,0x00000000d5880000)
  from space 512K, 63% used [0x00000000d5b00000,0x00000000d5b51c00,0x00000000d5b80000)
  to   space 512K, 0% used [0x00000000d5a80000,0x00000000d5a80000,0x00000000d5b00000)
 ParOldGen       total 131072K, used 130516K [0x0000000080000000, 0x0000000088000000, 0x00000000d5580000)
  object space 131072K, 99% used [0x0000000080000000,0x0000000087f75360,0x0000000088000000)
 Metaspace       used 54218K, committed 55552K, reserved 1114112K
  class space    used 5796K, committed 6464K, reserved 1048576K
}
Event: 15.267 GC heap before
{Heap before GC invocations=261 (full 2):
 PSYoungGen      total 3584K, used 3399K [0x00000000d5580000, 0x00000000d5b80000, 0x0000000100000000)
  eden space 3072K, 100% used [0x00000000d5580000,0x00000000d5880000,0x00000000d5880000)
  from space 512K, 63% used [0x00000000d5b00000,0x00000000d5b51c00,0x00000000d5b80000)
  to   space 512K, 0% used [0x00000000d5a80000,0x00000000d5a80000,0x00000000d5b00000)
 ParOldGen       total 131072K, used 130516K [0x0000000080000000, 0x0000000088000000, 0x00000000d5580000)
  object space 131072K, 99% used [0x0000000080000000,0x0000000087f75360,0x0000000088000000)
 Metaspace       used 54218K, committed 55552K, reserved 1114112K
  class space    used 5796K, committed 6464K, reserved 1048576K
}
Event: 15.268 GC heap after
{Heap after GC invocations=261 (full 2):
 PSYoungGen      total 3584K, used 320K [0x00000000d5580000, 0x00000000d5b80000, 0x0000000100000000)
  eden space 3072K, 0% used [0x00000000d5580000,0x00000000d5580000,0x00000000d5880000)
  from space 512K, 62% used [0x00000000d5a80000,0x00000000d5ad0000,0x00000000d5b00000)
  to   space 512K, 0% used [0x00000000d5b00000,0x00000000d5b00000,0x00000000d5b80000)
 ParOldGen       total 131072K, used 130687K [0x0000000080000000, 0x0000000088000000, 0x00000000d5580000)
  object space 131072K, 99% used [0x0000000080000000,0x0000000087f9fec8,0x0000000088000000)
 Metaspace       used 54218K, committed 55552K, reserved 1114112K
  class space    used 5796K, committed 6464K, reserved 1048576K
}
Event: 15.275 GC heap before
{Heap before GC invocations=262 (full 2):
 PSYoungGen      total 3584K, used 3392K [0x00000000d5580000, 0x00000000d5b80000, 0x0000000100000000)
  eden space 3072K, 100% used [0x00000000d5580000,0x00000000d5880000,0x00000000d5880000)
  from space 512K, 62% used [0x00000000d5a80000,0x00000000d5ad0000,0x00000000d5b00000)
  to   space 512K, 0% used [0x00000000d5b00000,0x00000000d5b00000,0x00000000d5b80000)
 ParOldGen       total 131072K, used 130687K [0x0000000080000000, 0x0000000088000000, 0x00000000d5580000)
  object space 131072K, 99% used [0x0000000080000000,0x0000000087f9fec8,0x0000000088000000)
 Metaspace       used 54218K, committed 55552K, reserved 1114112K
  class space    used 5796K, committed 6464K, reserved 1048576K
}
Event: 15.276 GC heap after
{Heap after GC invocations=262 (full 2):
 PSYoungGen      total 3584K, used 384K [0x00000000d5580000, 0x00000000d5b80000, 0x0000000100000000)
  eden space 3072K, 0% used [0x00000000d5580000,0x00000000d5580000,0x00000000d5880000)
  from space 512K, 75% used [0x00000000d5b00000,0x00000000d5b60000,0x00000000d5b80000)
  to   space 512K, 0% used [0x00000000d5a80000,0x00000000d5a80000,0x00000000d5b00000)
 ParOldGen       total 131072K, used 130863K [0x0000000080000000, 0x0000000088000000, 0x00000000d5580000)
  object space 131072K, 99% used [0x0000000080000000,0x0000000087fcbec8,0x0000000088000000)
 Metaspace       used 54218K, committed 55552K, reserved 1114112K
  class space    used 5796K, committed 6464K, reserved 1048576K
}
Event: 15.285 GC heap before
{Heap before GC invocations=263 (full 2):
 PSYoungGen      total 3584K, used 3456K [0x00000000d5580000, 0x00000000d5b80000, 0x0000000100000000)
  eden space 3072K, 100% used [0x00000000d5580000,0x00000000d5880000,0x00000000d5880000)
  from space 512K, 75% used [0x00000000d5b00000,0x00000000d5b60000,0x00000000d5b80000)
  to   space 512K, 0% used [0x00000000d5a80000,0x00000000d5a80000,0x00000000d5b00000)
 ParOldGen       total 131072K, used 130863K [0x0000000080000000, 0x0000000088000000, 0x00000000d5580000)
  object space 131072K, 99% used [0x0000000080000000,0x0000000087fcbec8,0x0000000088000000)
 Metaspace       used 54218K, committed 55552K, reserved 1114112K
  class space    used 5796K, committed 6464K, reserved 1048576K
}
Event: 15.286 GC heap after
{Heap after GC invocations=263 (full 2):
 PSYoungGen      total 3584K, used 288K [0x00000000d5580000, 0x00000000d5b80000, 0x0000000100000000)
  eden space 3072K, 0% used [0x00000000d5580000,0x00000000d5580000,0x00000000d5880000)
  from space 512K, 56% used [0x00000000d5a80000,0x00000000d5ac8000,0x00000000d5b00000)
  to   space 512K, 0% used [0x00000000d5b00000,0x00000000d5b00000,0x00000000d5b80000)
 ParOldGen       total 131072K, used 131047K [0x0000000080000000, 0x0000000088000000, 0x00000000d5580000)
  object space 131072K, 99% used [0x0000000080000000,0x0000000087ff9ed8,0x0000000088000000)
 Metaspace       used 54218K, committed 55552K, reserved 1114112K
  class space    used 5796K, committed 6464K, reserved 1048576K
}
Event: 15.300 GC heap before
{Heap before GC invocations=264 (full 2):
 PSYoungGen      total 3584K, used 3360K [0x00000000d5580000, 0x00000000d5b80000, 0x0000000100000000)
  eden space 3072K, 100% used [0x00000000d5580000,0x00000000d5880000,0x00000000d5880000)
  from space 512K, 56% used [0x00000000d5a80000,0x00000000d5ac8000,0x00000000d5b00000)
  to   space 512K, 0% used [0x00000000d5b00000,0x00000000d5b00000,0x00000000d5b80000)
 ParOldGen       total 131072K, used 131047K [0x0000000080000000, 0x0000000088000000, 0x00000000d5580000)
  object space 131072K, 99% used [0x0000000080000000,0x0000000087ff9ed8,0x0000000088000000)
 Metaspace       used 54218K, committed 55552K, reserved 1114112K
  class space    used 5796K, committed 6464K, reserved 1048576K
}
Event: 15.301 GC heap after
{Heap after GC invocations=264 (full 2):
 PSYoungGen      total 3584K, used 320K [0x00000000d5580000, 0x00000000d5b80000, 0x0000000100000000)
  eden space 3072K, 0% used [0x00000000d5580000,0x00000000d5580000,0x00000000d5880000)
  from space 512K, 62% used [0x00000000d5b00000,0x00000000d5b50000,0x00000000d5b80000)
  to   space 512K, 0% used [0x00000000d5a80000,0x00000000d5a80000,0x00000000d5b00000)
 ParOldGen       total 131584K, used 131167K [0x0000000080000000, 0x0000000088080000, 0x00000000d5580000)
  object space 131584K, 99% used [0x0000000080000000,0x0000000088017ed8,0x0000000088080000)
 Metaspace       used 54218K, committed 55552K, reserved 1114112K
  class space    used 5796K, committed 6464K, reserved 1048576K
}

