# JRE version: OpenJDK Runtime Environment Temurin-21.0.10+7 (21.0.10+7) (build 21.0.10+7-LTS)
# Java VM: OpenJDK 64-Bit Server VM Temurin-21.0.10+7 (21.0.10+7-LTS, mixed mode, sharing, tiered, compressed oops, compressed class ptrs, parallel gc, windows-amd64)
GC Precious Log:
 CardTable entry size: 512
 CPUs: 12 total, 12 available
 Memory: 15710M
 Large Page Support: Disabled
 NUMA Support: Disabled
 Compressed Oops: Enabled (32-bit)
 Alignments: Space 512K, Generation 512K, Heap 2M
 Heap Min Capacity: 100M
 Heap Initial Capacity: 100M
 Heap Max Capacity: 2G
 Pre-touch: Disabled
 Parallel Workers: 10
Heap:
 PSYoungGen      total 16896K, used 16864K [0x00000000d5580000, 0x00000000d6e00000, 0x0000000100000000)
  eden space 14848K, 100% used [0x00000000d5580000,0x00000000d6400000,0x00000000d6400000)
  from space 2048K, 98% used [0x00000000d6800000,0x00000000d69f8380,0x00000000d6a00000)
  to   space 4096K, 61% used [0x00000000d6400000,0x00000000d66734a8,0x00000000d6800000)
 ParOldGen       total 134656K, used 134581K [0x0000000080000000, 0x0000000088380000, 0x00000000d5580000)
  object space 134656K, 99% used [0x0000000080000000,0x000000008836d740,0x0000000088380000)
 Metaspace       used 62881K, committed 64320K, reserved 1114112K
  class space    used 6659K, committed 7296K, reserved 1048576K
GC Heap History (20 events):
Event: 18.539 GC heap after
{Heap after GC invocations=523 (full 3):
 PSYoungGen      total 18432K, used 640K [0x00000000d5580000, 0x00000000d6d00000, 0x0000000100000000)
  eden space 17408K, 0% used [0x00000000d5580000,0x00000000d5580000,0x00000000d6680000)
  from space 1024K, 62% used [0x00000000d6c00000,0x00000000d6ca0000,0x00000000d6d00000)
  to   space 2560K, 0% used [0x00000000d6800000,0x00000000d6800000,0x00000000d6a80000)
 ParOldGen       total 122880K, used 122585K [0x0000000080000000, 0x0000000087800000, 0x00000000d5580000)
  object space 122880K, 99% used [0x0000000080000000,0x00000000877b64a8,0x0000000087800000)
 Metaspace       used 59215K, committed 60544K, reserved 1114112K
  class space    used 6279K, committed 6912K, reserved 1048576K
}
Event: 18.656 GC heap before
{Heap before GC invocations=524 (full 3):
 PSYoungGen      total 18432K, used 18028K [0x00000000d5580000, 0x00000000d6d00000, 0x0000000100000000)
  eden space 17408K, 99% used [0x00000000d5580000,0x00000000d667b150,0x00000000d6680000)
  from space 1024K, 62% used [0x00000000d6c00000,0x00000000d6ca0000,0x00000000d6d00000)
  to   space 2560K, 0% used [0x00000000d6800000,0x00000000d6800000,0x00000000d6a80000)
 ParOldGen       total 122880K, used 122585K [0x0000000080000000, 0x0000000087800000, 0x00000000d5580000)
  object space 122880K, 99% used [0x0000000080000000,0x00000000877b64a8,0x0000000087800000)
 Metaspace       used 59840K, committed 61312K, reserved 1114112K
  class space    used 6338K, committed 6976K, reserved 1048576K
}
Event: 18.659 GC heap after
{Heap after GC invocations=524 (full 3):
 PSYoungGen      total 19968K, used 2538K [0x00000000d5580000, 0x00000000d6e80000, 0x0000000100000000)
  eden space 17408K, 0% used [0x00000000d5580000,0x00000000d5580000,0x00000000d6680000)
  from space 2560K, 99% used [0x00000000d6800000,0x00000000d6a7a8b8,0x00000000d6a80000)
  to   space 4096K, 0% used [0x00000000d6a80000,0x00000000d6a80000,0x00000000d6e80000)
 ParOldGen       total 123392K, used 123249K [0x0000000080000000, 0x0000000087880000, 0x00000000d5580000)
  object space 123392K, 99% used [0x0000000080000000,0x000000008785c468,0x0000000087880000)
 Metaspace       used 59840K, committed 61312K, reserved 1114112K
  class space    used 6338K, committed 6976K, reserved 1048576K
}
Event: 18.716 GC heap before
{Heap before GC invocations=525 (full 3):
 PSYoungGen      total 19968K, used 19838K [0x00000000d5580000, 0x00000000d6e80000, 0x0000000100000000)
  eden space 17408K, 99% used [0x00000000d5580000,0x00000000d6664f80,0x00000000d6680000)
  from space 2560K, 99% used [0x00000000d6800000,0x00000000d6a7a8b8,0x00000000d6a80000)
  to   space 4096K, 0% used [0x00000000d6a80000,0x00000000d6a80000,0x00000000d6e80000)
 ParOldGen       total 123392K, used 123249K [0x0000000080000000, 0x0000000087880000, 0x00000000d5580000)
  object space 123392K, 99% used [0x0000000080000000,0x000000008785c468,0x0000000087880000)
 Metaspace       used 59858K, committed 61312K, reserved 1114112K
  class space    used 6338K, committed 6976K, reserved 1048576K
}
Event: 18.719 GC heap after
{Heap after GC invocations=525 (full 3):
 PSYoungGen      total 18944K, used 1174K [0x00000000d5580000, 0x00000000d6c00000, 0x0000000100000000)
  eden space 17408K, 0% used [0x00000000d5580000,0x00000000d5580000,0x00000000d6680000)
  from space 1536K, 76% used [0x00000000d6a80000,0x00000000d6ba59e8,0x00000000d6c00000)
  to   space 2048K, 0% used [0x00000000d6800000,0x00000000d6800000,0x00000000d6a00000)
 ParOldGen       total 125952K, used 125527K [0x0000000080000000, 0x0000000087b00000, 0x00000000d5580000)
  object space 125952K, 99% used [0x0000000080000000,0x0000000087a95e18,0x0000000087b00000)
 Metaspace       used 59858K, committed 61312K, reserved 1114112K
  class space    used 6338K, committed 6976K, reserved 1048576K
}
Event: 18.827 GC heap before
{Heap before GC invocations=526 (full 3):
 PSYoungGen      total 18944K, used 18582K [0x00000000d5580000, 0x00000000d6c00000, 0x0000000100000000)
  eden space 17408K, 100% used [0x00000000d5580000,0x00000000d6680000,0x00000000d6680000)
  from space 1536K, 76% used [0x00000000d6a80000,0x00000000d6ba59e8,0x00000000d6c00000)
  to   space 2048K, 0% used [0x00000000d6800000,0x00000000d6800000,0x00000000d6a00000)
 ParOldGen       total 125952K, used 125527K [0x0000000080000000, 0x0000000087b00000, 0x00000000d5580000)
  object space 125952K, 99% used [0x0000000080000000,0x0000000087a95e18,0x0000000087b00000)
 Metaspace       used 61090K, committed 62528K, reserved 1114112K
  class space    used 6462K, committed 7104K, reserved 1048576K
}
Event: 18.830 GC heap after
{Heap after GC invocations=526 (full 3):
 PSYoungGen      total 18432K, used 801K [0x00000000d5580000, 0x00000000d6b00000, 0x0000000100000000)
  eden space 17408K, 0% used [0x00000000d5580000,0x00000000d5580000,0x00000000d6680000)
  from space 1024K, 78% used [0x00000000d6800000,0x00000000d68c8768,0x00000000d6900000)
  to   space 1536K, 0% used [0x00000000d6980000,0x00000000d6980000,0x00000000d6b00000)
 ParOldGen       total 125952K, used 125711K [0x0000000080000000, 0x0000000087b00000, 0x00000000d5580000)
  object space 125952K, 99% used [0x0000000080000000,0x0000000087ac3e18,0x0000000087b00000)
 Metaspace       used 61090K, committed 62528K, reserved 1114112K
  class space    used 6462K, committed 7104K, reserved 1048576K
}
Event: 18.881 GC heap before
{Heap before GC invocations=527 (full 3):
 PSYoungGen      total 18432K, used 18209K [0x00000000d5580000, 0x00000000d6b00000, 0x0000000100000000)
  eden space 17408K, 100% used [0x00000000d5580000,0x00000000d6680000,0x00000000d6680000)
  from space 1024K, 78% used [0x00000000d6800000,0x00000000d68c8768,0x00000000d6900000)
  to   space 1536K, 0% used [0x00000000d6980000,0x00000000d6980000,0x00000000d6b00000)
 ParOldGen       total 125952K, used 125711K [0x0000000080000000, 0x0000000087b00000, 0x00000000d5580000)
  object space 125952K, 99% used [0x0000000080000000,0x0000000087ac3e18,0x0000000087b00000)
 Metaspace       used 61419K, committed 62848K, reserved 1114112K
  class space    used 6509K, committed 7168K, reserved 1048576K
}
Event: 18.883 GC heap after
{Heap after GC invocations=527 (full 3):
 PSYoungGen      total 18944K, used 1509K [0x00000000d5580000, 0x00000000d6c80000, 0x0000000100000000)
  eden space 17408K, 0% used [0x00000000d5580000,0x00000000d5580000,0x00000000d6680000)
  from space 1536K, 98% used [0x00000000d6980000,0x00000000d6af96d0,0x00000000d6b00000)
  to   space 3072K, 0% used [0x00000000d6680000,0x00000000d6680000,0x00000000d6980000)
 ParOldGen       total 126976K, used 126660K [0x0000000080000000, 0x0000000087c00000, 0x00000000d5580000)
  object space 126976K, 99% used [0x0000000080000000,0x0000000087bb1038,0x0000000087c00000)
 Metaspace       used 61419K, committed 62848K, reserved 1114112K
  class space    used 6509K, committed 7168K, reserved 1048576K
}
Event: 18.917 GC heap before
{Heap before GC invocations=528 (full 3):
 PSYoungGen      total 18944K, used 18917K [0x00000000d5580000, 0x00000000d6c80000, 0x0000000100000000)
  eden space 17408K, 100% used [0x00000000d5580000,0x00000000d6680000,0x00000000d6680000)
  from space 1536K, 98% used [0x00000000d6980000,0x00000000d6af96d0,0x00000000d6b00000)
  to   space 3072K, 0% used [0x00000000d6680000,0x00000000d6680000,0x00000000d6980000)
 ParOldGen       total 126976K, used 126660K [0x0000000080000000, 0x0000000087c00000, 0x00000000d5580000)
  object space 126976K, 99% used [0x0000000080000000,0x0000000087bb1038,0x0000000087c00000)
 Metaspace       used 61586K, committed 63040K, reserved 1114112K
  class space    used 6515K, committed 7168K, reserved 1048576K
}
Event: 18.921 GC heap after
{Heap after GC invocations=528 (full 3):
 PSYoungGen      total 19456K, used 1707K [0x00000000d5580000, 0x00000000d6a80000, 0x0000000100000000)
  eden space 17408K, 0% used [0x00000000d5580000,0x00000000d5580000,0x00000000d6680000)
  from space 2048K, 83% used [0x00000000d6680000,0x00000000d682ac58,0x00000000d6880000)
  to   space 2048K, 0% used [0x00000000d6880000,0x00000000d6880000,0x00000000d6a80000)
 ParOldGen       total 128512K, used 128220K [0x0000000080000000, 0x0000000087d80000, 0x00000000d5580000)
  object space 128512K, 99% used [0x0000000080000000,0x0000000087d37220,0x0000000087d80000)
 Metaspace       used 61586K, committed 63040K, reserved 1114112K
  class space    used 6515K, committed 7168K, reserved 1048576K
}
Event: 18.956 GC heap before
{Heap before GC invocations=529 (full 3):
 PSYoungGen      total 19456K, used 19115K [0x00000000d5580000, 0x00000000d6a80000, 0x0000000100000000)
  eden space 17408K, 100% used [0x00000000d5580000,0x00000000d6680000,0x00000000d6680000)
  from space 2048K, 83% used [0x00000000d6680000,0x00000000d682ac58,0x00000000d6880000)
  to   space 2048K, 0% used [0x00000000d6880000,0x00000000d6880000,0x00000000d6a80000)
 ParOldGen       total 128512K, used 128220K [0x0000000080000000, 0x0000000087d80000, 0x00000000d5580000)
  object space 128512K, 99% used [0x0000000080000000,0x0000000087d37220,0x0000000087d80000)
 Metaspace       used 61675K, committed 63104K, reserved 1114112K
  class space    used 6522K, committed 7168K, reserved 1048576K
}
Event: 18.959 GC heap after
{Heap after GC invocations=529 (full 3):
 PSYoungGen      total 18944K, used 2015K [0x00000000d5580000, 0x00000000d6b80000, 0x0000000100000000)
  eden space 16896K, 0% used [0x00000000d5580000,0x00000000d5580000,0x00000000d6600000)
  from space 2048K, 98% used [0x00000000d6880000,0x00000000d6a77e70,0x00000000d6a80000)
  to   space 2560K, 0% used [0x00000000d6600000,0x00000000d6600000,0x00000000d6880000)
 ParOldGen       total 130048K, used 129709K [0x0000000080000000, 0x0000000087f00000, 0x00000000d5580000)
  object space 130048K, 99% used [0x0000000080000000,0x0000000087eab7e8,0x0000000087f00000)
 Metaspace       used 61675K, committed 63104K, reserved 1114112K
  class space    used 6522K, committed 7168K, reserved 1048576K
}
Event: 19.041 GC heap before
{Heap before GC invocations=530 (full 3):
 PSYoungGen      total 18944K, used 18564K [0x00000000d5580000, 0x00000000d6b80000, 0x0000000100000000)
  eden space 16896K, 97% used [0x00000000d5580000,0x00000000d65a9448,0x00000000d6600000)
  from space 2048K, 98% used [0x00000000d6880000,0x00000000d6a77e70,0x00000000d6a80000)
  to   space 2560K, 0% used [0x00000000d6600000,0x00000000d6600000,0x00000000d6880000)
 ParOldGen       total 130048K, used 129709K [0x0000000080000000, 0x0000000087f00000, 0x00000000d5580000)
  object space 130048K, 99% used [0x0000000080000000,0x0000000087eab7e8,0x0000000087f00000)
 Metaspace       used 62226K, committed 63680K, reserved 1114112K
  class space    used 6585K, committed 7232K, reserved 1048576K
}
Event: 19.046 GC heap after
{Heap after GC invocations=530 (full 3):
 PSYoungGen      total 18944K, used 1960K [0x00000000d5580000, 0x00000000d6a00000, 0x0000000100000000)
  eden space 16896K, 0% used [0x00000000d5580000,0x00000000d5580000,0x00000000d6600000)
  from space 2048K, 95% used [0x00000000d6600000,0x00000000d67ea2f8,0x00000000d6800000)
  to   space 2048K, 0% used [0x00000000d6800000,0x00000000d6800000,0x00000000d6a00000)
 ParOldGen       total 131584K, used 131552K [0x0000000080000000, 0x0000000088080000, 0x00000000d5580000)
  object space 131584K, 99% used [0x0000000080000000,0x0000000088078060,0x0000000088080000)
 Metaspace       used 62226K, committed 63680K, reserved 1114112K
  class space    used 6585K, committed 7232K, reserved 1048576K
}
Event: 19.123 GC heap before
{Heap before GC invocations=531 (full 3):
 PSYoungGen      total 18944K, used 18848K [0x00000000d5580000, 0x00000000d6a00000, 0x0000000100000000)
  eden space 16896K, 99% used [0x00000000d5580000,0x00000000d65fdf68,0x00000000d6600000)
  from space 2048K, 95% used [0x00000000d6600000,0x00000000d67ea2f8,0x00000000d6800000)
  to   space 2048K, 0% used [0x00000000d6800000,0x00000000d6800000,0x00000000d6a00000)
 ParOldGen       total 131584K, used 131552K [0x0000000080000000, 0x0000000088080000, 0x00000000d5580000)
  object space 131584K, 99% used [0x0000000080000000,0x0000000088078060,0x0000000088080000)
 Metaspace       used 62627K, committed 64064K, reserved 1114112K
  class space    used 6632K, committed 7296K, reserved 1048576K
}
Event: 19.125 GC heap after
{Heap after GC invocations=531 (full 3):
 PSYoungGen      total 16896K, used 2016K [0x00000000d5580000, 0x00000000d6e00000, 0x0000000100000000)
  eden space 14848K, 0% used [0x00000000d5580000,0x00000000d5580000,0x00000000d6400000)
  from space 2048K, 98% used [0x00000000d6800000,0x00000000d69f8380,0x00000000d6a00000)
  to   space 4096K, 0% used [0x00000000d6400000,0x00000000d6400000,0x00000000d6800000)
 ParOldGen       total 133120K, used 133061K [0x0000000080000000, 0x0000000088200000, 0x00000000d5580000)
  object space 133120K, 99% used [0x0000000080000000,0x00000000881f15f8,0x0000000088200000)
 Metaspace       used 62627K, committed 64064K, reserved 1114112K
  class space    used 6632K, committed 7296K, reserved 1048576K
}
Event: 19.189 GC heap before
{Heap before GC invocations=532 (full 3):
 PSYoungGen      total 16896K, used 16864K [0x00000000d5580000, 0x00000000d6e00000, 0x0000000100000000)
  eden space 14848K, 100% used [0x00000000d5580000,0x00000000d6400000,0x00000000d6400000)
  from space 2048K, 98% used [0x00000000d6800000,0x00000000d69f8380,0x00000000d6a00000)
  to   space 4096K, 0% used [0x00000000d6400000,0x00000000d6400000,0x00000000d6800000)
 ParOldGen       total 133120K, used 133061K [0x0000000080000000, 0x0000000088200000, 0x00000000d5580000)
  object space 133120K, 99% used [0x0000000080000000,0x00000000881f15f8,0x0000000088200000)
 Metaspace       used 62881K, committed 64320K, reserved 1114112K
  class space    used 6659K, committed 7296K, reserved 1048576K
}
Event: 19.193 GC heap after
{Heap after GC invocations=532 (full 3):
 PSYoungGen      total 16896K, used 16864K [0x00000000d5580000, 0x00000000d6e00000, 0x0000000100000000)
  eden space 14848K, 100% used [0x00000000d5580000,0x00000000d6400000,0x00000000d6400000)
  from space 2048K, 98% used [0x00000000d6800000,0x00000000d69f8380,0x00000000d6a00000)
  to   space 4096K, 61% used [0x00000000d6400000,0x00000000d66734a8,0x00000000d6800000)
 ParOldGen       total 134656K, used 134581K [0x0000000080000000, 0x0000000088380000, 0x00000000d5580000)
  object space 134656K, 99% used [0x0000000080000000,0x000000008836d740,0x0000000088380000)
 Metaspace       used 62881K, committed 64320K, reserved 1114112K
  class space    used 6659K, committed 7296K, reserved 1048576K
}
Event: 19.193 GC heap before
{Heap before GC invocations=533 (full 4):
 PSYoungGen      total 16896K, used 16864K [0x00000000d5580000, 0x00000000d6e00000, 0x0000000100000000)
  eden space 14848K, 100% used [0x00000000d5580000,0x00000000d6400000,0x00000000d6400000)
  from space 2048K, 98% used [0x00000000d6800000,0x00000000d69f8380,0x00000000d6a00000)
  to   space 4096K, 61% used [0x00000000d6400000,0x00000000d66734a8,0x00000000d6800000)
 ParOldGen       total 134656K, used 134581K [0x0000000080000000, 0x0000000088380000, 0x00000000d5580000)
  object space 134656K, 99% used [0x0000000080000000,0x000000008836d740,0x0000000088380000)
 Metaspace       used 62881K, committed 64320K, reserved 1114112K
  class space    used 6659K, committed 7296K, reserved 1048576K
}

