# JRE version: OpenJDK Runtime Environment Temurin-21.0.10+7 (21.0.10+7) (build 21.0.10+7-LTS)
# Java VM: OpenJDK 64-Bit Server VM Temurin-21.0.10+7 (21.0.10+7-LTS, mixed mode, sharing, tiered, compressed oops, compressed class ptrs, parallel gc, windows-amd64)
GC Precious Log:
 CardTable entry size: 512
 CPUs: 12 total, 12 available
 Memory: 15710M
 Large Page Support: Disabled
 NUMA Support: Disabled
 Compressed Oops: Enabled (32-bit)
 Alignments: Space 512K, Generation 512K, Heap 2M
 Heap Min Capacity: 100M
 Heap Initial Capacity: 100M
 Heap Max Capacity: 2G
 Pre-touch: Disabled
 Parallel Workers: 10
Heap:
 PSYoungGen      total 4096K, used 3227K [0x00000000d5580000, 0x00000000d5a80000, 0x0000000100000000)
  eden space 3584K, 82% used [0x00000000d5580000,0x00000000d5866f10,0x00000000d5900000)
  from space 512K, 50% used [0x00000000d5980000,0x00000000d59c0000,0x00000000d5a00000)
  to   space 512K, 0% used [0x00000000d5a00000,0x00000000d5a00000,0x00000000d5a80000)
 ParOldGen       total 291328K, used 291081K [0x0000000080000000, 0x0000000091c80000, 0x00000000d5580000)
  object space 291328K, 99% used [0x0000000080000000,0x0000000091c426d0,0x0000000091c80000)
 Metaspace       used 68688K, committed 70272K, reserved 1114112K
  class space    used 7395K, committed 8064K, reserved 1048576K
GC Heap History (20 events):
Event: 26.979 GC heap before
{Heap before GC invocations=419 (full 3):
 PSYoungGen      total 5120K, used 5031K [0x00000000d5580000, 0x00000000d5c80000, 0x0000000100000000)
  eden space 4096K, 97% used [0x00000000d5580000,0x00000000d596a5a8,0x00000000d5980000)
  from space 1024K, 99% used [0x00000000d5a00000,0x00000000d5aff958,0x00000000d5b00000)
  to   space 1536K, 0% used [0x00000000d5b00000,0x00000000d5b00000,0x00000000d5c80000)
 ParOldGen       total 289792K, used 289315K [0x0000000080000000, 0x0000000091b00000, 0x00000000d5580000)
  object space 289792K, 99% used [0x0000000080000000,0x0000000091a88c10,0x0000000091b00000)
 Metaspace       used 66523K, committed 68096K, reserved 1114112K
  class space    used 7175K, committed 7872K, reserved 1048576K
}
Event: 26.980 GC heap after
{Heap after GC invocations=419 (full 3):
 PSYoungGen      total 5632K, used 950K [0x00000000d5580000, 0x00000000d5c80000, 0x0000000100000000)
  eden space 4096K, 0% used [0x00000000d5580000,0x00000000d5580000,0x00000000d5980000)
  from space 1536K, 61% used [0x00000000d5b00000,0x00000000d5bed9f8,0x00000000d5c80000)
  to   space 1536K, 0% used [0x00000000d5980000,0x00000000d5980000,0x00000000d5b00000)
 ParOldGen       total 289792K, used 289475K [0x0000000080000000, 0x0000000091b00000, 0x00000000d5580000)
  object space 289792K, 99% used [0x0000000080000000,0x0000000091ab0c10,0x0000000091b00000)
 Metaspace       used 66523K, committed 68096K, reserved 1114112K
  class space    used 7175K, committed 7872K, reserved 1048576K
}
Event: 26.985 GC heap before
{Heap before GC invocations=420 (full 3):
 PSYoungGen      total 5632K, used 5046K [0x00000000d5580000, 0x00000000d5c80000, 0x0000000100000000)
  eden space 4096K, 100% used [0x00000000d5580000,0x00000000d5980000,0x00000000d5980000)
  from space 1536K, 61% used [0x00000000d5b00000,0x00000000d5bed9f8,0x00000000d5c80000)
  to   space 1536K, 0% used [0x00000000d5980000,0x00000000d5980000,0x00000000d5b00000)
 ParOldGen       total 289792K, used 289475K [0x0000000080000000, 0x0000000091b00000, 0x00000000d5580000)
  object space 289792K, 99% used [0x0000000080000000,0x0000000091ab0c10,0x0000000091b00000)
 Metaspace       used 66525K, committed 68096K, reserved 1114112K
  class space    used 7175K, committed 7872K, reserved 1048576K
}
Event: 26.986 GC heap after
{Heap after GC invocations=420 (full 3):
 PSYoungGen      total 5120K, used 630K [0x00000000d5580000, 0x00000000d5b80000, 0x0000000100000000)
  eden space 4096K, 0% used [0x00000000d5580000,0x00000000d5580000,0x00000000d5980000)
  from space 1024K, 61% used [0x00000000d5980000,0x00000000d5a1da28,0x00000000d5a80000)
  to   space 1024K, 0% used [0x00000000d5a80000,0x00000000d5a80000,0x00000000d5b80000)
 ParOldGen       total 289792K, used 289475K [0x0000000080000000, 0x0000000091b00000, 0x00000000d5580000)
  object space 289792K, 99% used [0x0000000080000000,0x0000000091ab0c10,0x0000000091b00000)
 Metaspace       used 66525K, committed 68096K, reserved 1114112K
  class space    used 7175K, committed 7872K, reserved 1048576K
}
Event: 26.994 GC heap before
{Heap before GC invocations=421 (full 3):
 PSYoungGen      total 5120K, used 4671K [0x00000000d5580000, 0x00000000d5b80000, 0x0000000100000000)
  eden space 4096K, 98% used [0x00000000d5580000,0x00000000d59722d0,0x00000000d5980000)
  from space 1024K, 61% used [0x00000000d5980000,0x00000000d5a1da28,0x00000000d5a80000)
  to   space 1024K, 0% used [0x00000000d5a80000,0x00000000d5a80000,0x00000000d5b80000)
 ParOldGen       total 289792K, used 289475K [0x0000000080000000, 0x0000000091b00000, 0x00000000d5580000)
  object space 289792K, 99% used [0x0000000080000000,0x0000000091ab0c10,0x0000000091b00000)
 Metaspace       used 66526K, committed 68096K, reserved 1114112K
  class space    used 7175K, committed 7872K, reserved 1048576K
}
Event: 26.995 GC heap after
{Heap after GC invocations=421 (full 3):
 PSYoungGen      total 4608K, used 992K [0x00000000d5580000, 0x00000000d5c80000, 0x0000000100000000)
  eden space 3584K, 0% used [0x00000000d5580000,0x00000000d5580000,0x00000000d5900000)
  from space 1024K, 96% used [0x00000000d5a80000,0x00000000d5b78270,0x00000000d5b80000)
  to   space 1536K, 0% used [0x00000000d5900000,0x00000000d5900000,0x00000000d5a80000)
 ParOldGen       total 289792K, used 289779K [0x0000000080000000, 0x0000000091b00000, 0x00000000d5580000)
  object space 289792K, 99% used [0x0000000080000000,0x0000000091afcc10,0x0000000091b00000)
 Metaspace       used 66526K, committed 68096K, reserved 1114112K
  class space    used 7175K, committed 7872K, reserved 1048576K
}
Event: 27.029 GC heap before
{Heap before GC invocations=422 (full 3):
 PSYoungGen      total 4608K, used 4576K [0x00000000d5580000, 0x00000000d5c80000, 0x0000000100000000)
  eden space 3584K, 100% used [0x00000000d5580000,0x00000000d5900000,0x00000000d5900000)
  from space 1024K, 96% used [0x00000000d5a80000,0x00000000d5b78270,0x00000000d5b80000)
  to   space 1536K, 0% used [0x00000000d5900000,0x00000000d5900000,0x00000000d5a80000)
 ParOldGen       total 289792K, used 289779K [0x0000000080000000, 0x0000000091b00000, 0x00000000d5580000)
  object space 289792K, 99% used [0x0000000080000000,0x0000000091afcc10,0x0000000091b00000)
 Metaspace       used 67205K, committed 68800K, reserved 1114112K
  class space    used 7236K, committed 7936K, reserved 1048576K
}
Event: 27.030 GC heap after
{Heap after GC invocations=422 (full 3):
 PSYoungGen      total 4096K, used 224K [0x00000000d5580000, 0x00000000d5b00000, 0x0000000100000000)
  eden space 3584K, 0% used [0x00000000d5580000,0x00000000d5580000,0x00000000d5900000)
  from space 512K, 43% used [0x00000000d5900000,0x00000000d5938000,0x00000000d5980000)
  to   space 1024K, 0% used [0x00000000d5a00000,0x00000000d5a00000,0x00000000d5b00000)
 ParOldGen       total 290304K, used 289939K [0x0000000080000000, 0x0000000091b80000, 0x00000000d5580000)
  object space 290304K, 99% used [0x0000000080000000,0x0000000091b24c10,0x0000000091b80000)
 Metaspace       used 67205K, committed 68800K, reserved 1114112K
  class space    used 7236K, committed 7936K, reserved 1048576K
}
Event: 27.130 GC heap before
{Heap before GC invocations=423 (full 3):
 PSYoungGen      total 4096K, used 3808K [0x00000000d5580000, 0x00000000d5b00000, 0x0000000100000000)
  eden space 3584K, 100% used [0x00000000d5580000,0x00000000d5900000,0x00000000d5900000)
  from space 512K, 43% used [0x00000000d5900000,0x00000000d5938000,0x00000000d5980000)
  to   space 1024K, 0% used [0x00000000d5a00000,0x00000000d5a00000,0x00000000d5b00000)
 ParOldGen       total 290304K, used 289939K [0x0000000080000000, 0x0000000091b80000, 0x00000000d5580000)
  object space 290304K, 99% used [0x0000000080000000,0x0000000091b24c10,0x0000000091b80000)
 Metaspace       used 67800K, committed 69440K, reserved 1114112K
  class space    used 7296K, committed 8000K, reserved 1048576K
}
Event: 27.132 GC heap after
{Heap after GC invocations=423 (full 3):
 PSYoungGen      total 4608K, used 512K [0x00000000d5580000, 0x00000000d5b00000, 0x0000000100000000)
  eden space 3584K, 0% used [0x00000000d5580000,0x00000000d5580000,0x00000000d5900000)
  from space 1024K, 50% used [0x00000000d5a00000,0x00000000d5a80000,0x00000000d5b00000)
  to   space 1024K, 0% used [0x00000000d5900000,0x00000000d5900000,0x00000000d5a00000)
 ParOldGen       total 290304K, used 289979K [0x0000000080000000, 0x0000000091b80000, 0x00000000d5580000)
  object space 290304K, 99% used [0x0000000080000000,0x0000000091b2ec10,0x0000000091b80000)
 Metaspace       used 67800K, committed 69440K, reserved 1114112K
  class space    used 7296K, committed 8000K, reserved 1048576K
}
Event: 27.243 GC heap before
{Heap before GC invocations=424 (full 3):
 PSYoungGen      total 4608K, used 4096K [0x00000000d5580000, 0x00000000d5b00000, 0x0000000100000000)
  eden space 3584K, 100% used [0x00000000d5580000,0x00000000d5900000,0x00000000d5900000)
  from space 1024K, 50% used [0x00000000d5a00000,0x00000000d5a80000,0x00000000d5b00000)
  to   space 1024K, 0% used [0x00000000d5900000,0x00000000d5900000,0x00000000d5a00000)
 ParOldGen       total 290304K, used 289979K [0x0000000080000000, 0x0000000091b80000, 0x00000000d5580000)
  object space 290304K, 99% used [0x0000000080000000,0x0000000091b2ec10,0x0000000091b80000)
 Metaspace       used 68108K, committed 69632K, reserved 1114112K
  class space    used 7334K, committed 8000K, reserved 1048576K
}
Event: 27.244 GC heap after
{Heap after GC invocations=424 (full 3):
 PSYoungGen      total 4608K, used 416K [0x00000000d5580000, 0x00000000d5a80000, 0x0000000100000000)
  eden space 3584K, 0% used [0x00000000d5580000,0x00000000d5580000,0x00000000d5900000)
  from space 1024K, 40% used [0x00000000d5900000,0x00000000d5968020,0x00000000d5a00000)
  to   space 512K, 0% used [0x00000000d5a00000,0x00000000d5a00000,0x00000000d5a80000)
 ParOldGen       total 290304K, used 290259K [0x0000000080000000, 0x0000000091b80000, 0x00000000d5580000)
  object space 290304K, 99% used [0x0000000080000000,0x0000000091b74c10,0x0000000091b80000)
 Metaspace       used 68108K, committed 69632K, reserved 1114112K
  class space    used 7334K, committed 8000K, reserved 1048576K
}
Event: 27.339 GC heap before
{Heap before GC invocations=425 (full 3):
 PSYoungGen      total 4608K, used 4000K [0x00000000d5580000, 0x00000000d5a80000, 0x0000000100000000)
  eden space 3584K, 100% used [0x00000000d5580000,0x00000000d5900000,0x00000000d5900000)
  from space 1024K, 40% used [0x00000000d5900000,0x00000000d5968020,0x00000000d5a00000)
  to   space 512K, 0% used [0x00000000d5a00000,0x00000000d5a00000,0x00000000d5a80000)
 ParOldGen       total 290304K, used 290259K [0x0000000080000000, 0x0000000091b80000, 0x00000000d5580000)
  object space 290304K, 99% used [0x0000000080000000,0x0000000091b74c10,0x0000000091b80000)
 Metaspace       used 68259K, committed 69824K, reserved 1114112K
  class space    used 7349K, committed 8000K, reserved 1048576K
}
Event: 27.340 GC heap after
{Heap after GC invocations=425 (full 3):
 PSYoungGen      total 4096K, used 413K [0x00000000d5580000, 0x00000000d5a80000, 0x0000000100000000)
  eden space 3584K, 0% used [0x00000000d5580000,0x00000000d5580000,0x00000000d5900000)
  from space 512K, 80% used [0x00000000d5a00000,0x00000000d5a67450,0x00000000d5a80000)
  to   space 512K, 0% used [0x00000000d5980000,0x00000000d5980000,0x00000000d5a00000)
 ParOldGen       total 290816K, used 290552K [0x0000000080000000, 0x0000000091c00000, 0x00000000d5580000)
  object space 290816K, 99% used [0x0000000080000000,0x0000000091bbe0f8,0x0000000091c00000)
 Metaspace       used 68259K, committed 69824K, reserved 1114112K
  class space    used 7349K, committed 8000K, reserved 1048576K
}
Event: 27.445 GC heap before
{Heap before GC invocations=426 (full 3):
 PSYoungGen      total 4096K, used 3997K [0x00000000d5580000, 0x00000000d5a80000, 0x0000000100000000)
  eden space 3584K, 100% used [0x00000000d5580000,0x00000000d5900000,0x00000000d5900000)
  from space 512K, 80% used [0x00000000d5a00000,0x00000000d5a67450,0x00000000d5a80000)
  to   space 512K, 0% used [0x00000000d5980000,0x00000000d5980000,0x00000000d5a00000)
 ParOldGen       total 290816K, used 290552K [0x0000000080000000, 0x0000000091c00000, 0x00000000d5580000)
  object space 290816K, 99% used [0x0000000080000000,0x0000000091bbe0f8,0x0000000091c00000)
 Metaspace       used 68356K, committed 69888K, reserved 1114112K
  class space    used 7354K, committed 8000K, reserved 1048576K
}
Event: 27.449 GC heap after
{Heap after GC invocations=426 (full 3):
 PSYoungGen      total 4096K, used 469K [0x00000000d5580000, 0x00000000d5a80000, 0x0000000100000000)
  eden space 3584K, 0% used [0x00000000d5580000,0x00000000d5580000,0x00000000d5900000)
  from space 512K, 91% used [0x00000000d5980000,0x00000000d59f5480,0x00000000d5a00000)
  to   space 512K, 0% used [0x00000000d5a00000,0x00000000d5a00000,0x00000000d5a80000)
 ParOldGen       total 290816K, used 290733K [0x0000000080000000, 0x0000000091c00000, 0x00000000d5580000)
  object space 290816K, 99% used [0x0000000080000000,0x0000000091beb548,0x0000000091c00000)
 Metaspace       used 68356K, committed 69888K, reserved 1114112K
  class space    used 7354K, committed 8000K, reserved 1048576K
}
Event: 27.548 GC heap before
{Heap before GC invocations=427 (full 3):
 PSYoungGen      total 4096K, used 4053K [0x00000000d5580000, 0x00000000d5a80000, 0x0000000100000000)
  eden space 3584K, 99% used [0x00000000d5580000,0x00000000d58fffc0,0x00000000d5900000)
  from space 512K, 91% used [0x00000000d5980000,0x00000000d59f5480,0x00000000d5a00000)
  to   space 512K, 0% used [0x00000000d5a00000,0x00000000d5a00000,0x00000000d5a80000)
 ParOldGen       total 290816K, used 290733K [0x0000000080000000, 0x0000000091c00000, 0x00000000d5580000)
  object space 290816K, 99% used [0x0000000080000000,0x0000000091beb548,0x0000000091c00000)
 Metaspace       used 68526K, committed 70144K, reserved 1114112K
  class space    used 7376K, committed 8064K, reserved 1048576K
}
Event: 27.549 GC heap after
{Heap after GC invocations=427 (full 3):
 PSYoungGen      total 4096K, used 320K [0x00000000d5580000, 0x00000000d5a80000, 0x0000000100000000)
  eden space 3584K, 0% used [0x00000000d5580000,0x00000000d5580000,0x00000000d5900000)
  from space 512K, 62% used [0x00000000d5a00000,0x00000000d5a50000,0x00000000d5a80000)
  to   space 512K, 0% used [0x00000000d5980000,0x00000000d5980000,0x00000000d5a00000)
 ParOldGen       total 291328K, used 290945K [0x0000000080000000, 0x0000000091c80000, 0x00000000d5580000)
  object space 291328K, 99% used [0x0000000080000000,0x0000000091c206d0,0x0000000091c80000)
 Metaspace       used 68526K, committed 70144K, reserved 1114112K
  class space    used 7376K, committed 8064K, reserved 1048576K
}
Event: 31.478 GC heap before
{Heap before GC invocations=428 (full 3):
 PSYoungGen      total 4096K, used 3904K [0x00000000d5580000, 0x00000000d5a80000, 0x0000000100000000)
  eden space 3584K, 100% used [0x00000000d5580000,0x00000000d5900000,0x00000000d5900000)
  from space 512K, 62% used [0x00000000d5a00000,0x00000000d5a50000,0x00000000d5a80000)
  to   space 512K, 0% used [0x00000000d5980000,0x00000000d5980000,0x00000000d5a00000)
 ParOldGen       total 291328K, used 290945K [0x0000000080000000, 0x0000000091c80000, 0x00000000d5580000)
  object space 291328K, 99% used [0x0000000080000000,0x0000000091c206d0,0x0000000091c80000)
 Metaspace       used 68635K, committed 70208K, reserved 1114112K
  class space    used 7393K, committed 8064K, reserved 1048576K
}
Event: 31.479 GC heap after
{Heap after GC invocations=428 (full 3):
 PSYoungGen      total 4096K, used 256K [0x00000000d5580000, 0x00000000d5a80000, 0x0000000100000000)
  eden space 3584K, 0% used [0x00000000d5580000,0x00000000d5580000,0x00000000d5900000)
  from space 512K, 50% used [0x00000000d5980000,0x00000000d59c0000,0x00000000d5a00000)
  to   space 512K, 0% used [0x00000000d5a00000,0x00000000d5a00000,0x00000000d5a80000)
 ParOldGen       total 291328K, used 291081K [0x0000000080000000, 0x0000000091c80000, 0x00000000d5580000)
  object space 291328K, 99% used [0x0000000080000000,0x0000000091c426d0,0x0000000091c80000)
 Metaspace       used 68635K, committed 70208K, reserved 1114112K
  class space    used 7393K, committed 8064K, reserved 1048576K
}

