{"numFailedTestSuites":1,"numFailedTests":1,"numPassedTestSuites":18,"numPassedTests":137,"numPendingTestSuites":0,"numPendingTests":0,"numRuntimeErrorTestSuites":0,"numTodoTests":0,"numTotalTestSuites":19,"numTotalTests":138,"openHandles":[],"snapshot":{"added":0,"didUpdate":false,"failure":false,"filesAdded":0,"filesRemoved":0,"filesRemovedList":[],"filesUnmatched":0,"filesUpdated":0,"matched":0,"total":0,"unchecked":0,"uncheckedKeysByFile":[],"unmatched":0,"updated":0},"startTime":1778215298420,"success":false,"testResults":[{"assertionResults":[{"ancestorTitles":["PackageCard Component"],"failureMessages":[],"fullName":"PackageCard Component renders package name, duration, and price","location":null,"status":"passed","title":"renders package name, duration, and price"},{"ancestorTitles":["PackageCard Component"],"failureMessages":[],"fullName":"PackageCard Component renders Official Package badge","location":null,"status":"passed","title":"renders Official Package badge"},{"ancestorTitles":["PackageCard Component"],"failureMessages":[],"fullName":"PackageCard Component shows available slots chip","location":null,"status":"passed","title":"shows available slots chip"},{"ancestorTitles":["PackageCard Component"],"failureMessages":[],"fullName":"PackageCard Component renders type and destinationType chips","location":null,"status":"passed","title":"renders type and destinationType chips"},{"ancestorTitles":["PackageCard Component"],"failureMessages":[],"fullName":"PackageCard Component calls onBook when Book Now clicked","location":null,"status":"passed","title":"calls onBook when Book Now clicked"},{"ancestorTitles":["PackageCard Component"],"failureMessages":[],"fullName":"PackageCard Component shows Sold Out badge and hides Book Now when full","location":null,"status":"passed","title":"shows Sold Out badge and hides Book Now when full"},{"ancestorTitles":["PackageCard Component"],"failureMessages":[],"fullName":"PackageCard Component getEmoji returns a string for any id","location":null,"status":"passed","title":"getEmoji returns a string for any id"},{"ancestorTitles":["PackageCard Component"],"failureMessages":[],"fullName":"PackageCard Component shows slots text below the bar","location":null,"status":"passed","title":"shows slots text below the bar"}],"endTime":1778215303361,"message":"","name":"C:\\Users\\aryaa\\OneDrive\\Desktop\\TravelMate\\frontend\\travelmate-ui\\src\\components\\PackageCard.test.js","startTime":1778215301189,"status":"passed","summary":""},{"assertionResults":[{"ancestorTitles":["PackageCard"],"failureMessages":[],"fullName":"PackageCard renders package name","location":null,"status":"passed","title":"renders package name"},{"ancestorTitles":["PackageCard"],"failureMessages":[],"fullName":"PackageCard displays available slots chip","location":null,"status":"passed","title":"displays available slots chip"},{"ancestorTitles":["PackageCard"],"failureMessages":[],"fullName":"PackageCard displays price formatted in INR","location":null,"status":"passed","title":"displays price formatted in INR"},{"ancestorTitles":["PackageCard"],"failureMessages":[],"fullName":"PackageCard shows Sold Out when all slots booked","location":null,"status":"passed","title":"shows Sold Out when all slots booked"},{"ancestorTitles":["PackageCard"],"failureMessages":[],"fullName":"PackageCard Book Now button not rendered when sold out","location":null,"status":"passed","title":"Book Now button not rendered when sold out"},{"ancestorTitles":["PackageCard"],"failureMessages":[],"fullName":"PackageCard calls onBook with package when Book Now clicked","location":null,"status":"passed","title":"calls onBook with package when Book Now clicked"},{"ancestorTitles":["PackageCard"],"failureMessages":[],"fullName":"PackageCard shows Official Package badge for default packages","location":null,"status":"passed","title":"shows Official Package badge for default packages"},{"ancestorTitles":["CancellationPolicyModal"],"failureMessages":[],"fullName":"CancellationPolicyModal renders all three policy sections","location":null,"status":"passed","title":"renders all three policy sections"},{"ancestorTitles":["CancellationPolicyModal"],"failureMessages":[],"fullName":"CancellationPolicyModal calls onConfirm when Proceed button clicked","location":null,"status":"passed","title":"calls onConfirm when Proceed button clicked"},{"ancestorTitles":["CancellationPolicyModal"],"failureMessages":[],"fullName":"CancellationPolicyModal calls onClose when Go Back clicked","location":null,"status":"passed","title":"calls onClose when Go Back clicked"},{"ancestorTitles":["CancellationPolicyModal"],"failureMessages":[],"fullName":"CancellationPolicyModal renders custom actionLabel","location":null,"status":"passed","title":"renders custom actionLabel"},{"ancestorTitles":["ItineraryView"],"failureMessages":[],"fullName":"ItineraryView renders all day plans","location":null,"status":"passed","title":"renders all day plans"},{"ancestorTitles":["ItineraryView"],"failureMessages":[],"fullName":"ItineraryView last day has itinerary-day-last class","location":null,"status":"passed","title":"last day has itinerary-day-last class"},{"ancestorTitles":["ItineraryView"],"failureMessages":[],"fullName":"ItineraryView renders nothing when itinerary is empty","location":null,"status":"passed","title":"renders nothing when itinerary is empty"},{"ancestorTitles":["ItineraryView"],"failureMessages":[],"fullName":"ItineraryView renders correct number of day rows","location":null,"status":"passed","title":"renders correct number of day rows"},{"ancestorTitles":["ItineraryView"],"failureMessages":[],"fullName":"ItineraryView day number is displayed for each item","location":null,"status":"passed","title":"day number is displayed for each item"}],"endTime":1778215303460,"message":"","name":"C:\\Users\\aryaa\\OneDrive\\Desktop\\TravelMate\\frontend\\travelmate-ui\\src\\pages\\Dashboard.test.js","startTime":1778215301141,"status":"passed","summary":""},{"assertionResults":[{"ancestorTitles":["Login Component"],"failureMessages":[],"fullName":"Login Component renders login form","location":null,"status":"passed","title":"renders login form"},{"ancestorTitles":["Login Component"],"failureMessages":[],"fullName":"Login Component shows error if fields are empty","location":null,"status":"passed","title":"shows error if fields are empty"},{"ancestorTitles":["Login Component"],"failureMessages":[],"fullName":"Login Component successful user login","location":null,"status":"passed","title":"successful user login"},{"ancestorTitles":["Login Component"],"failureMessages":[],"fullName":"Login Component successful admin login","location":null,"status":"passed","title":"successful admin login"},{"ancestorTitles":["Login Component"],"failureMessages":[],"fullName":"Login Component shows error on failed login","location":null,"status":"passed","title":"shows error on failed login"}],"endTime":1778215303825,"message":"","name":"C:\\Users\\aryaa\\OneDrive\\Desktop\\TravelMate\\frontend\\travelmate-ui\\src\\pages\\Login.test.js","startTime":1778215301013,"status":"passed","summary":""},{"assertionResults":[{"ancestorTitles":["ForgotPassword Component"],"failureMessages":[],"fullName":"ForgotPassword Component renders step 1 by default","location":null,"status":"passed","title":"renders step 1 by default"},{"ancestorTitles":["ForgotPassword Component"],"failureMessages":[],"fullName":"ForgotPassword Component step 1: sends OTP and moves to step 2","location":null,"status":"passed","title":"step 1: sends OTP and moves to step 2"},{"ancestorTitles":["ForgotPassword Component"],"failureMessages":[],"fullName":"ForgotPassword Component step 2: validates OTP and moves to step 3","location":null,"status":"passed","title":"step 2: validates OTP and moves to step 3"},{"ancestorTitles":["ForgotPassword Component"],"failureMessages":[],"fullName":"ForgotPassword Component step 3: resets password and redirects","location":null,"status":"passed","title":"step 3: resets password and redirects"}],"endTime":1778215303897,"message":"","name":"C:\\Users\\aryaa\\OneDrive\\Desktop\\TravelMate\\frontend\\travelmate-ui\\src\\pages\\ForgotPassword.test.js","startTime":1778215301001,"status":"passed","summary":""},{"assertionResults":[{"ancestorTitles":["Register Component"],"failureMessages":[],"fullName":"Register Component renders register form","location":null,"status":"passed","title":"renders register form"},{"ancestorTitles":["Register Component"],"failureMessages":[],"fullName":"Register Component shows error if fields are empty","location":null,"status":"passed","title":"shows error if fields are empty"},{"ancestorTitles":["Register Component"],"failureMessages":[],"fullName":"Register Component shows error if password is too short","location":null,"status":"passed","title":"shows error if password is too short"},{"ancestorTitles":["Register Component"],"failureMessages":[],"fullName":"Register Component successful registration","location":null,"status":"passed","title":"successful registration"},{"ancestorTitles":["Register Component"],"failureMessages":[],"fullName":"Register Component shows error on API failure","location":null,"status":"passed","title":"shows error on API failure"}],"endTime":1778215304018,"message":"","name":"C:\\Users\\aryaa\\OneDrive\\Desktop\\TravelMate\\frontend\\travelmate-ui\\src\\pages\\Register.test.js","startTime":1778215301134,"status":"passed","summary":""},{"assertionResults":[{"ancestorTitles":["ChatBox Component"],"failureMessages":[],"fullName":"ChatBox Component renders support toggle button initially","location":null,"status":"passed","title":"renders support toggle button initially"},{"ancestorTitles":["ChatBox Component"],"failureMessages":[],"fullName":"ChatBox Component opens chat window when support button clicked","location":null,"status":"passed","title":"opens chat window when support button clicked"},{"ancestorTitles":["ChatBox Component"],"failureMessages":[],"fullName":"ChatBox Component shows empty state help text when opened with no messages","location":null,"status":"passed","title":"shows empty state help text when opened with no messages"},{"ancestorTitles":["ChatBox Component"],"failureMessages":[],"fullName":"ChatBox Component shows FAQ quick reply buttons","location":null,"status":"passed","title":"shows FAQ quick reply buttons"},{"ancestorTitles":["ChatBox Component"],"failureMessages":[],"fullName":"ChatBox Component closes chat when ✕ button clicked","location":null,"status":"passed","title":"closes chat when ✕ button clicked"},{"ancestorTitles":["ChatBox Component"],"failureMessages":[],"fullName":"ChatBox Component can type a message in the input","location":null,"status":"passed","title":"can type a message in the input"},{"ancestorTitles":["ChatBox Component"],"failureMessages":[],"fullName":"ChatBox Component sends message via form submit","location":null,"status":"passed","title":"sends message via form submit"},{"ancestorTitles":["ChatBox Component"],"failureMessages":[],"fullName":"ChatBox Component bot responds to cancellation keyword","location":null,"status":"passed","title":"bot responds to cancellation keyword"},{"ancestorTitles":["ChatBox Component"],"failureMessages":[],"fullName":"ChatBox Component clicking FAQ quick reply sends message","location":null,"status":"passed","title":"clicking FAQ quick reply sends message"},{"ancestorTitles":["ChatBox Component"],"failureMessages":[],"fullName":"ChatBox Component clears chat when trash button clicked","location":null,"status":"passed","title":"clears chat when trash button clicked"},{"ancestorTitles":["ChatBox Component"],"failureMessages":[],"fullName":"ChatBox Component loads persisted messages from sessionStorage","location":null,"status":"passed","title":"loads persisted messages from sessionStorage"}],"endTime":1778215304042,"message":"","name":"C:\\Users\\aryaa\\OneDrive\\Desktop\\TravelMate\\frontend\\travelmate-ui\\src\\components\\ChatBox.test.js","startTime":1778215301049,"status":"passed","summary":""},{"assertionResults":[{"ancestorTitles":["ItineraryView Component"],"failureMessages":[],"fullName":"ItineraryView Component renders nothing when itinerary is empty","location":null,"status":"passed","title":"renders nothing when itinerary is empty"},{"ancestorTitles":["ItineraryView Component"],"failureMessages":[],"fullName":"ItineraryView Component renders nothing when itinerary is undefined","location":null,"status":"passed","title":"renders nothing when itinerary is undefined"},{"ancestorTitles":["ItineraryView Component"],"failureMessages":[],"fullName":"ItineraryView Component renders header for non-empty itinerary","location":null,"status":"passed","title":"renders header for non-empty itinerary"},{"ancestorTitles":["ItineraryView Component"],"failureMessages":[],"fullName":"ItineraryView Component renders each day plan","location":null,"status":"passed","title":"renders each day plan"},{"ancestorTitles":["ItineraryView Component"],"failureMessages":[],"fullName":"ItineraryView Component marks last day with itinerary-day-last class","location":null,"status":"passed","title":"marks last day with itinerary-day-last class"}],"endTime":1778215304247,"message":"","name":"C:\\Users\\aryaa\\OneDrive\\Desktop\\TravelMate\\frontend\\travelmate-ui\\src\\components\\ItineraryView.test.js","startTime":1778215303933,"status":"passed","summary":""},{"assertionResults":[{"ancestorTitles":["CancelConfirmModal Component"],"failureMessages":[],"fullName":"CancelConfirmModal Component shows spinner while loading","location":null,"status":"passed","title":"shows spinner while loading"},{"ancestorTitles":["CancelConfirmModal Component"],"failureMessages":[],"fullName":"CancelConfirmModal Component renders destination and refund info after load","location":null,"status":"passed","title":"renders destination and refund info after load"},{"ancestorTitles":["CancelConfirmModal Component"],"failureMessages":[],"fullName":"CancelConfirmModal Component shows 'No Refund' when refund is 0","location":null,"status":"passed","title":"shows 'No Refund' when refund is 0"},{"ancestorTitles":["CancelConfirmModal Component"],"failureMessages":[],"fullName":"CancelConfirmModal Component calls onClose when Keep Booking clicked","location":null,"status":"passed","title":"calls onClose when Keep Booking clicked"},{"ancestorTitles":["CancelConfirmModal Component"],"failureMessages":[],"fullName":"CancelConfirmModal Component calls onConfirm when Yes, Cancel Booking clicked","location":null,"status":"passed","title":"calls onConfirm when Yes, Cancel Booking clicked"},{"ancestorTitles":["CancelConfirmModal Component"],"failureMessages":[],"fullName":"CancelConfirmModal Component shows error message when API fails","location":null,"status":"passed","title":"shows error message when API fails"}],"endTime":1778215304324,"message":"","name":"C:\\Users\\aryaa\\OneDrive\\Desktop\\TravelMate\\frontend\\travelmate-ui\\src\\components\\CancelConfirmModal.test.js","startTime":1778215303447,"status":"passed","summary":""},{"assertionResults":[{"ancestorTitles":["Navbar Component"],"failureMessages":[],"fullName":"Navbar Component renders TravelMate brand","location":null,"status":"passed","title":"renders TravelMate brand"},{"ancestorTitles":["Navbar Component"],"failureMessages":[],"fullName":"Navbar Component renders user email","location":null,"status":"passed","title":"renders user email"},{"ancestorTitles":["Navbar Component"],"failureMessages":[],"fullName":"Navbar Component renders Sign Out button","location":null,"status":"passed","title":"renders Sign Out button"},{"ancestorTitles":["Navbar Component"],"failureMessages":[],"fullName":"Navbar Component shows admin tabs for ADMIN role","location":null,"status":"passed","title":"shows admin tabs for ADMIN role"},{"ancestorTitles":["Navbar Component"],"failureMessages":[],"fullName":"Navbar Component does not show admin tabs for USER role","location":null,"status":"passed","title":"does not show admin tabs for USER role"},{"ancestorTitles":["Navbar Component"],"failureMessages":[],"fullName":"Navbar Component calls navigate on brand click","location":null,"status":"passed","title":"calls navigate on brand click"}],"endTime":1778215304308,"message":"","name":"C:\\Users\\aryaa\\OneDrive\\Desktop\\TravelMate\\frontend\\travelmate-ui\\src\\components\\Navbar.test.js","startTime":1778215303859,"status":"passed","summary":""},{"assertionResults":[{"ancestorTitles":["CancellationPolicyModal Component"],"failureMessages":[],"fullName":"CancellationPolicyModal Component renders the three policy rules","location":null,"status":"passed","title":"renders the three policy rules"},{"ancestorTitles":["CancellationPolicyModal Component"],"failureMessages":[],"fullName":"CancellationPolicyModal Component renders default actionLabel 'Proceed'","location":null,"status":"passed","title":"renders default actionLabel 'Proceed'"},{"ancestorTitles":["CancellationPolicyModal Component"],"failureMessages":[],"fullName":"CancellationPolicyModal Component renders custom actionLabel","location":null,"status":"passed","title":"renders custom actionLabel"},{"ancestorTitles":["CancellationPolicyModal Component"],"failureMessages":[],"fullName":"CancellationPolicyModal Component calls onClose when Go Back is clicked","location":null,"status":"passed","title":"calls onClose when Go Back is clicked"},{"ancestorTitles":["CancellationPolicyModal Component"],"failureMessages":[],"fullName":"CancellationPolicyModal Component calls onClose when ✕ is clicked","location":null,"status":"passed","title":"calls onClose when ✕ is clicked"},{"ancestorTitles":["CancellationPolicyModal Component"],"failureMessages":[],"fullName":"CancellationPolicyModal Component calls onConfirm when action button clicked","location":null,"status":"passed","title":"calls onConfirm when action button clicked"}],"endTime":1778215304342,"message":"","name":"C:\\Users\\aryaa\\OneDrive\\Desktop\\TravelMate\\frontend\\travelmate-ui\\src\\components\\CancellationPolicyModal.test.js","startTime":1778215303507,"status":"passed","summary":""},{"assertionResults":[{"ancestorTitles":["ItineraryView (App-level)"],"failureMessages":[],"fullName":"ItineraryView (App-level) renders itinerary header","location":null,"status":"passed","title":"renders itinerary header"},{"ancestorTitles":["ItineraryView (App-level)"],"failureMessages":[],"fullName":"ItineraryView (App-level) last day has departure class","location":null,"status":"passed","title":"last day has departure class"},{"ancestorTitles":["ItineraryView (App-level)"],"failureMessages":[],"fullName":"ItineraryView (App-level) renders nothing for empty array","location":null,"status":"passed","title":"renders nothing for empty array"},{"ancestorTitles":["ItineraryView (App-level)"],"failureMessages":[],"fullName":"ItineraryView (App-level) day number is shown for each row","location":null,"status":"passed","title":"day number is shown for each row"}],"endTime":1778215304408,"message":"","name":"C:\\Users\\aryaa\\OneDrive\\Desktop\\TravelMate\\frontend\\travelmate-ui\\src\\App.test.js","startTime":1778215304053,"status":"passed","summary":""},{"assertionResults":[{"ancestorTitles":["userSlice reducer"],"failureMessages":[],"fullName":"userSlice reducer should handle initial state","location":null,"status":"passed","title":"should handle initial state"},{"ancestorTitles":["userSlice reducer"],"failureMessages":[],"fullName":"userSlice reducer should handle setUser","location":null,"status":"passed","title":"should handle setUser"},{"ancestorTitles":["userSlice reducer"],"failureMessages":[],"fullName":"userSlice reducer should handle setCredentials","location":null,"status":"passed","title":"should handle setCredentials"},{"ancestorTitles":["userSlice reducer"],"failureMessages":[],"fullName":"userSlice reducer should handle logout","location":null,"status":"passed","title":"should handle logout"}],"endTime":1778215304426,"message":"","name":"C:\\Users\\aryaa\\OneDrive\\Desktop\\TravelMate\\frontend\\travelmate-ui\\src\\store\\userSlice.test.js","startTime":1778215304144,"status":"passed","summary":""},{"assertionResults":[{"ancestorTitles":["API Service Interceptors"],"failureMessages":[],"fullName":"API Service Interceptors should attach token from sessionStorage to headers","location":null,"status":"passed","title":"should attach token from sessionStorage to headers"},{"ancestorTitles":["API Service Interceptors"],"failureMessages":[],"fullName":"API Service Interceptors should attach token from localStorage if sessionStorage is empty","location":null,"status":"passed","title":"should attach token from localStorage if sessionStorage is empty"},{"ancestorTitles":["API Service Interceptors"],"failureMessages":[],"fullName":"API Service Interceptors should not attach token if storage is empty","location":null,"status":"passed","title":"should not attach token if storage is empty"},{"ancestorTitles":["API Service Interceptors"],"failureMessages":[],"fullName":"API Service Interceptors should pass through successful response","location":null,"status":"passed","title":"should pass through successful response"},{"ancestorTitles":["API Service Interceptors"],"failureMessages":[],"fullName":"API Service Interceptors should clear storage and redirect on 401 error","location":null,"status":"passed","title":"should clear storage and redirect on 401 error"},{"ancestorTitles":["API Service Interceptors"],"failureMessages":[],"fullName":"API Service Interceptors should reject other errors without redirecting","location":null,"status":"passed","title":"should reject other errors without redirecting"}],"endTime":1778215304442,"message":"","name":"C:\\Users\\aryaa\\OneDrive\\Desktop\\TravelMate\\frontend\\travelmate-ui\\src\\services\\api.test.js","startTime":1778215304267,"status":"passed","summary":""},{"assertionResults":[{"ancestorTitles":["Dashboard Page"],"failureMessages":[],"fullName":"Dashboard Page shows loading spinner initially","location":null,"status":"passed","title":"shows loading spinner initially"},{"ancestorTitles":["Dashboard Page"],"failureMessages":[],"fullName":"Dashboard Page renders packages after loading","location":null,"status":"passed","title":"renders packages after loading"},{"ancestorTitles":["Dashboard Page"],"failureMessages":[],"fullName":"Dashboard Page renders stats (Packages, Active Trips counts)","location":null,"status":"passed","title":"renders stats (Packages, Active Trips counts)"},{"ancestorTitles":["Dashboard Page"],"failureMessages":[],"fullName":"Dashboard Page switches to My Trips tab when clicked","location":null,"status":"passed","title":"switches to My Trips tab when clicked"},{"ancestorTitles":["Dashboard Page"],"failureMessages":[],"fullName":"Dashboard Page switches to Custom Package tab","location":null,"status":"passed","title":"switches to Custom Package tab"},{"ancestorTitles":["Dashboard Page"],"failureMessages":[],"fullName":"Dashboard Page opens BookingModal when package card clicked","location":null,"status":"passed","title":"opens BookingModal when package card clicked"},{"ancestorTitles":["Dashboard Page"],"failureMessages":[],"fullName":"Dashboard Page shows search input","location":null,"status":"passed","title":"shows search input"},{"ancestorTitles":["Dashboard Page"],"failureMessages":[],"fullName":"Dashboard Page shows ChatBox component","location":null,"status":"passed","title":"shows ChatBox component"},{"ancestorTitles":["Dashboard Page"],"failureMessages":[],"fullName":"Dashboard Page filters packages by search input","location":null,"status":"passed","title":"filters packages by search input"},{"ancestorTitles":["Dashboard Page"],"failureMessages":[],"fullName":"Dashboard Page handles API errors gracefully","location":null,"status":"passed","title":"handles API errors gracefully"},{"ancestorTitles":["Dashboard Page"],"failureMessages":[],"fullName":"Dashboard Page filters trips by status","location":null,"status":"passed","title":"filters trips by status"}],"endTime":1778215304489,"message":"","name":"C:\\Users\\aryaa\\OneDrive\\Desktop\\TravelMate\\frontend\\travelmate-ui\\src\\pages\\Dashboard.page.test.js","startTime":1778215301054,"status":"passed","summary":""},{"assertionResults":[{"ancestorTitles":["paymentService"],"failureMessages":[],"fullName":"paymentService createOrder should post to /booking/create-order with amount and return data","location":null,"status":"passed","title":"createOrder should post to /booking/create-order with amount and return data"},{"ancestorTitles":["paymentService"],"failureMessages":[],"fullName":"paymentService verifyPayment should post to /booking/verify with correct params","location":null,"status":"passed","title":"verifyPayment should post to /booking/verify with correct params"}],"endTime":1778215304517,"message":"","name":"C:\\Users\\aryaa\\OneDrive\\Desktop\\TravelMate\\frontend\\travelmate-ui\\src\\services\\paymentService.test.js","startTime":1778215304352,"status":"passed","summary":""},{"assertionResults":[{"ancestorTitles":["AdminDashboard Component"],"failureMessages":[],"fullName":"AdminDashboard Component renders TravelMate brand and ADMIN tag","location":null,"status":"passed","title":"renders TravelMate brand and ADMIN tag"},{"ancestorTitles":["AdminDashboard Component"],"failureMessages":[],"fullName":"AdminDashboard Component renders sidebar navigation tabs","location":null,"status":"passed","title":"renders sidebar navigation tabs"},{"ancestorTitles":["AdminDashboard Component"],"failureMessages":[],"fullName":"AdminDashboard Component shows overview stats after loading","location":null,"status":"passed","title":"shows overview stats after loading"},{"ancestorTitles":["AdminDashboard Component"],"failureMessages":[],"fullName":"AdminDashboard Component calls API for users, bookings and packages","location":null,"status":"passed","title":"calls API for users, bookings and packages"},{"ancestorTitles":["AdminDashboard Component"],"failureMessages":[],"fullName":"AdminDashboard Component loads and displays a package name","location":null,"status":"passed","title":"loads and displays a package name"},{"ancestorTitles":["AdminDashboard Component"],"failureMessages":[],"fullName":"AdminDashboard Component renders Add Package button in sidebar","location":null,"status":"passed","title":"renders Add Package button in sidebar"},{"ancestorTitles":["AdminDashboard Component"],"failureMessages":[],"fullName":"AdminDashboard Component cancels a booking","location":null,"status":"passed","title":"cancels a booking"},{"ancestorTitles":["AdminDashboard Component"],"failureMessages":[],"fullName":"AdminDashboard Component deletes a package","location":null,"status":"passed","title":"deletes a package"},{"ancestorTitles":["AdminDashboard Component"],"failureMessages":[],"fullName":"AdminDashboard Component sends a notification","location":null,"status":"passed","title":"sends a notification"},{"ancestorTitles":["AdminDashboard Component"],"failureMessages":[],"fullName":"AdminDashboard Component opens and submits new package modal","location":null,"status":"passed","title":"opens and submits new package modal"},{"ancestorTitles":["AdminDashboard Component"],"failureMessages":[],"fullName":"AdminDashboard Component views user bookings modal","location":null,"status":"passed","title":"views user bookings modal"}],"endTime":1778215304874,"message":"","name":"C:\\Users\\aryaa\\OneDrive\\Desktop\\TravelMate\\frontend\\travelmate-ui\\src\\pages\\AdminDashboard.test.js","startTime":1778215301046,"status":"passed","summary":""},{"assertionResults":[{"ancestorTitles":["BookingCard Component"],"failureMessages":[],"fullName":"BookingCard Component renders booking details correctly","location":null,"status":"passed","title":"renders booking details correctly"},{"ancestorTitles":["BookingCard Component"],"failureMessages":[],"fullName":"BookingCard Component shows Cancel and Extend buttons for confirmed ongoing trips","location":null,"status":"passed","title":"shows Cancel and Extend buttons for confirmed ongoing trips"},{"ancestorTitles":["BookingCard Component"],"failureMessages":[],"fullName":"BookingCard Component hides actions for cancelled trips","location":null,"status":"passed","title":"hides actions for cancelled trips"},{"ancestorTitles":["BookingCard Component"],"failureMessages":[],"fullName":"BookingCard Component handles paying remaining balance via Razorpay","location":null,"status":"passed","title":"handles paying remaining balance via Razorpay"},{"ancestorTitles":["BookingCard Component"],"failureMessages":[],"fullName":"BookingCard Component handles trip extension — shows CancellationPolicy first then ExtendModal","location":null,"status":"passed","title":"handles trip extension — shows CancellationPolicy first then ExtendModal"},{"ancestorTitles":["BookingCard Component"],"failureMessages":["Error: Found multiple elements with the text: Paris\n\nHere are the matching elements:\n\nIgnored nodes: comments, script, style\n\u001b[36m<div\u001b[39m\n  \u001b[33mclass\u001b[39m=\u001b[32m\"booking-dest\"\u001b[39m\n\u001b[36m>\u001b[39m\n  \u001b[0mParis\u001b[0m\n\u001b[36m</div>\u001b[39m\n\nIgnored nodes: comments, script, style\n\u001b[36m<strong\u001b[39m\n  \u001b[33mstyle\u001b[39m=\u001b[32m\"color: rgb(238, 242, 255);\"\u001b[39m\n\u001b[36m>\u001b[39m\n  \u001b[0mParis\u001b[0m\n\u001b[36m</strong>\u001b[39m\n\n(If this is intentional, then use the `*AllBy*` variant of the query (like `queryAllByText`, `getAllByText`, or `findAllByText`)).\n\nIgnored nodes: comments, script, style\n\u001b[36m<body>\u001b[39m\n  \u001b[36m<div>\u001b[39m\n    \u001b[36m<div\u001b[39m\n      \u001b[33mclass\u001b[39m=\u001b[32m\"booking-card\"\u001b[39m\n    \u001b[36m>\u001b[39m\n      \u001b[36m<div\u001b[39m\n        \u001b[33mclass\u001b[39m=\u001b[32m\"booking-head\"\u001b[39m\n      \u001b[36m>\u001b[39m\n        \u001b[36m<div>\u001b[39m\n          \u001b[36m<div\u001b[39m\n            \u001b[33mclass\u001b[39m=\u001b[32m\"booking-dest\"\u001b[39m\n          \u001b[36m>\u001b[39m\n            \u001b[0mParis\u001b[0m\n          \u001b[36m</div>\u001b[39m\n          \u001b[36m<div\u001b[39m\n            \u001b[33mclass\u001b[39m=\u001b[32m\"booking-type-label\"\u001b[39m\n          \u001b[36m>\u001b[39m\n            \u001b[36m<span\u001b[39m\n              \u001b[33mclass\u001b[39m=\u001b[32m\"badge badge-official\"\u001b[39m\n            \u001b[36m>\u001b[39m\n              \u001b[0m✅ Official Package\u001b[0m\n            \u001b[36m</span>\u001b[39m\n          \u001b[36m</div>\u001b[39m\n        \u001b[36m</div>\u001b[39m\n        \u001b[36m<div\u001b[39m\n          \u001b[33mclass\u001b[39m=\u001b[32m\"booking-badges\"\u001b[39m\n        \u001b[36m>\u001b[39m\n          \u001b[36m<span\u001b[39m\n            \u001b[33mclass\u001b[39m=\u001b[32m\"badge badge-info\"\u001b[39m\n          \u001b[36m>\u001b[39m\n            \u001b[0m🕐\u001b[0m\n            \u001b[0m \u001b[0m\n            \u001b[0mNot Started\u001b[0m\n          \u001b[36m</span>\u001b[39m\n          \u001b[36m<span\u001b[39m\n            \u001b[33mclass\u001b[39m=\u001b[32m\"badge badge-warning\"\u001b[39m\n          \u001b[36m>\u001b[39m\n            \u001b[0m💳 Partial Pay\u001b[0m\n          \u001b[36m</span>\u001b[39m\n          \u001b[36m<span\u001b[39m\n            \u001b[33mclass\u001b[39m=\u001b[32m\"badge badge-info\"\u001b[39m\n          \u001b[36m>\u001b[39m\n            \u001b[0m🎟 Confirmed\u001b[0m\n          \u001b[36m</span>\u001b[39m\n        \u001b[36m</div>\u001b[39m\n      \u001b[36m</div>\u001b[39m\n      \u001b[36m<div\u001b[39m\n        \u001b[33mclass\u001b[39m=\u001b[32m\"booking-info-row\"\u001b[39m\n      \u001b[36m>\u001b[39m\n        \u001b[36m<div\u001b[39m\n          \u001b[33mclass\u001b[39m=\u001b[32m\"booking-info-item\"\u001b[39m\n        \u001b[36m>\u001b[39m\n          \u001b[36m<span\u001b[39m\n            \u001b[33mclass\u001b[39m=\u001b[32m\"info-label\"\u001b[39m\n          \u001b[36m>\u001b[39m\n            \u001b[0mDeparture\u001b[0m\n          \u001b[36m</span>\u001b[39m\n          \u001b[36m<span\u001b[39m\n            \u001b[33mclass\u001b[39m=\u001b[32m\"info-val\"\u001b[39m\n          \u001b[36m>\u001b[39m\n            \u001b[0m2023-10-01\u001b[0m\n          \u001b[36m</span>\u001b[39m\n        \u001b[36m</div>\u001b[39m\n        \u001b[36m<div\u001b[39m\n          \u001b[33mclass\u001b[39m=\u001b[32m\"booking-arrow\"\u001b[39m\n        \u001b[36m>\u001b[39m\n          \u001b[0m→\u001b[0m\n        \u001b[36m</div>\u001b[39m\n        \u001b[36m<div\u001b[39m\n          \u001b[33mclass\u001b[39m=\u001b[32m\"booking-info-item\"\u001b[39m\n        \u001b[36m>\u001b[39m\n          \u001b[36m<span\u001b[39m\n            \u001b[33mclass\u001b[39m=\u001b[32m\"info-label\"\u001b[39m\n          \u001b[36m>\u001b[39m\n            \u001b[0mReturn\u001b[0m\n          \u001b[36m</span>\u001b[39m\n          \u001b[36m<span\u001b[39m\n            \u001b[33mclass\u001b[39m=\u001b[32m\"info-val\"\u001b[39m\n          \u001b[36m>\u001b[39m\n            \u001b[0m2023-10-05\u001b[0m\n          \u001b[36m</span>\u001b[39m\n        \u001b[36m</div>\u001b[39m\n        \u001b[36m<div\u001b[39m\n          \u001b[33mclass\u001b[39m=\u001b[32m\"booking-info-item\"\u001b[39m\n        \u001b[36m>\u001b[39m\n          \u001b[36m<span\u001b[39m\n            \u001b[33mclass\u001b[39m=\u001b[32m\"info-label\"\u001b[39m\n          \u001b[36m>\u001b[39m\n            \u001b[0mDuration\u001b[0m\n          \u001b[36m</span>\u001b[39m\n          \u001b[36m<span\u001b[39m\n            \u001b[33mclass\u001b[39m=\u001b[32m\"info-val\"\u001b[39m\n          \u001b[36m>\u001b[39m\n            \u001b[0m5\u001b[0m\n            \u001b[0md\u001b[0m\n          \u001b[36m</span>\u001b[39m\n        \u001b[36m</div>\u001b[39m\n        \u001b[36m<div\u001b[39m\n          \u001b[33mclass\u001b[39m=\u001b[32m\"booking-info-item\"\u001b[39m\n        \u001b[36m>\u001b[39m\n          \u001b[36m<span\u001b[39m\n            \u001b[33mclass\u001b[39m=\u001b[32m\"info-label\"\u001b[39m\n          \u001b[36m>\u001b[39m\n            \u001b[0mPeople\u001b[0m\n          \u001b[36m</span>\u001b[39m\n          \u001b[36m<span\u001b[39m\n            \u001b[33mclass\u001b[39m=\u001b[32m\"info-val\"\u001b[39m\n          \u001b[36m>\u001b[39m\n            \u001b[0m2\u001b[0m\n          \u001b[36m</span>\u001b[39m\n        \u001b[36m</div>\u001b[39m\n      \u001b[36m</div>\u001b[39m\n      \u001b[36m<div\u001b[39m\n        \u001b[33mclass\u001b[39m=\u001b[32m\"traveller-section\"\u001b[39m\n      \u001b[36m>\u001b[39m\n        \u001b[36m<div\u001b[39m\n          \u001b[33mclass\u001b[39m=\u001b[32m\"traveller-label\"\u001b[39m\n        \u001b[36m>\u001b[39m\n          \u001b[0m👥 Travellers\u001b[0m\n        \u001b[36m</div>\u001b[39m\n        \u001b[36m<div\u001b[39m\n          \u001b[33mclass\u001b[39m=\u001b[32m\"traveller-pills\"\u001b[39m\n        \u001b[36m>\u001b[39m\n          \u001b[36m<span\u001b[39m\n            \u001b[33mclass\u001b[39m=\u001b[32m\"traveller-pill\"\u001b[39m\n          \u001b[36m>\u001b[39m\n            \u001b[0mJohn\u001b[0m\n          \u001b[36m</span>\u001b[39m\n          \u001b[36m<span\u001b[39m\n            \u001b[33mclass\u001b[39m=\u001b[32m\"traveller-pill\"\u001b[39m\n          \u001b[36m>\u001b[39m\n            \u001b[0mJane\u001b[0m\n          \u001b[36m</span>\u001b[39m\n        \u001b[36m</div>\u001b[39m\n      \u001b[36m</div>\u001b[39m\n      \u001b[36m<div\u001b[39m\n        \u001b[33mclass\u001b[39m=\u001b[32m\"booking-money\"\u001b[39m\n      \u001b[36m>\u001b[39m\n        \u001b[36m<div\u001b[39m\n          \u001b[33mclass\u001b[39m=\u001b[32m\"money-item\"\u001b[39m\n        \u001b[36m>\u001b[39m\n          \u001b[36m<span\u001b[39m\n            \u001b[33mclass\u001b[39m=\u001b[32m\"money-label\"\u001b[39m\n          \u001b[36m>\u001b[39m\n            \u001b[0mTotal\u001b[0m\n          \u001b[36m</span>\u001b[39m\n          \u001b[36m<span\u001b[39m\n            \u001b[33mclass\u001b[39m=\u001b[32m\"money-val\"\u001b[39m\n          \u001b[36m>\u001b[39m\n            \u001b[0m₹\u001b[0m\n            \u001b[0m10,000\u001b[0m\n          \u001b[36m</span>\u001b[39m\n        \u001b[36m</div>\u001b[39m\n        \u001b[36m<div\u001b[39m\n          \u001b[33mclass\u001b[39m=\u001b[32m\"money-item\"\u001b[39m\n        \u001b[36m>\u001b[39m\n          \u001b[36m<span\u001b[39m\n            \u001b[33mclass\u001b[39m=\u001b[32m\"money-label\"\u001b[39m\n          \u001b[36m>\u001b[39m\n            \u001b[0mPaid\u001b[0m\n          \u001b[36m</span>\u001b[39m\n          \u001b[36m<span\u001b[39m\n            \u001b[33mclass\u001b[39m=\u001b[32m\"money-val paid-amt\"\u001b[39m\n          \u001b[36m>\u001b[39m\n            \u001b[0m₹\u001b[0m\n            \u001b[0m3,000\u001b[0m\n          \u001b[36m</span>\u001b[39m\n        \u001b[36m</div>\u001b[39m\n        \u001b[36m<div\u001b[39m\n          \u001b[33mclass\u001b[39m=\u001b[32m\"money-item\"\u001b[39m\n        \u001b[36m>\u001b[39m\n          \u001b[36m<span\u001b[39m\n            \u001b[33mclass\u001b[39m=\u001b[32m\"money-label\"\u001b[39m\n          \u001b[36m>\u001b[39m\n            \u001b[0mDue\u001b[0m\n          \u001b[36m</span>\u001b[39m\n          \u001b[36m<span\u001b[39m\n            \u001b[33mclass\u001b[39m=\u001b[32m\"money-val due-amt\"\u001b[39m\n          \u001b[36m>\u001b[39m\n            \u001b[0m₹\u001b[0m\n            \u001b[0m7,000\u001b[0m\n          \u001b[36m</span>\u001b[39m\n        \u001b[36m</div>\u001b[39m\n      \u001b[36m</div>\u001b[39m\n      \u001b[36m<div\u001b[39m\n        \u001b[33mclass\u001b[39m=\u001b[32m\"booking-actions\"\u001b[39m\n      \u001b[36m>\u001b[39m\n        \u001b[36m<button\u001b[39m\n          \u001b[33mclass\u001b[39m=\u001b[32m\"btn-view-details\"\u001b[39m\n        \u001b[36m>\u001b[39m\n          \u001b[0mView Details ▼\u001b[0m\n        \u001b[36m</button>\u001b[39m\n        \u001b[36m<button\u001b[39m\n          \u001b[33mclass\u001b[39m=\u001b[32m\"btn-pay\"\u001b[39m\n        \u001b[36m>\u001b[39m\n          \u001b[0m💳 Pay ₹7,000\u001b[0m\n        \u001b[36m</button>\u001b[39m\n        \u001b[36m<button\u001b[39m\n          \u001b[33mclass\u001b[39m=\u001b[32m\"btn-extend\"\u001b[39m\n        \u001b[36m>\u001b[39m\n          \u001b[0m+ Extend\u001b[0m\n        \u001b[36m</button>\u001b[39m\n        \u001b[36m<button\u001b[39m\n          \u001b[33mclass\u001b[39m=\u001b[32m\"btn-cancel\"\u001b[39m\n        \u001b[36m>\u001b[39m\n          \u001b[0mCancel\u001b[0m\n        \u001b[36m</button>\u001b[39m\n      \u001b[36m</div>\u001b[39m\n    \u001b[36m</div>\u001b[39m\n    \u001b[36m<div\u001b[39m\n      \u001b[33mclass\u001b[39m=\u001b[32m\"tm-modal-overlay\"\u001b[39m\n    \u001b[36m>\u001b[39m\n      \u001b[36m<div\u001b[39m\n        \u001b[33mclass\u001b[39m=\u001b[32m\"tm-modal\"\u001b[39m\n        \u001b[33mstyle\u001b[39m=\u001b[32m\"max-width: 440px;\"\u001b[39m\n      \u001b[36m>\u001b[39m\n        \u001b[36m<div\u001b[39m\n          \u001b[33mclass\u001b[39m=\u001b[32m\"tm-modal-head\"\u001b[39m\n        \u001b[36m>\u001b[39m\n          \u001b[36m<div\u001b[39m\n            \u001b[33mclass\u001b[39m=\u001b[32m\"tm-modal-title\"\u001b[39m\n          \u001b[36m>\u001b[39m\n            \u001b[0mCancel Booking?\u001b[0m\n          \u001b[36m</div>\u001b[39m\n          \u001b[36m<button\u001b[39m\n            \u001b[33mclass\u001b[39m=\u001b[32m\"tm-modal-close\"\u001b[39m\n          \u001b[36m>\u001b[39m\n            \u001b[0m✕\u001b[0m\n          \u001b[36m</button>\u001b[39m\n        \u001b[36m</div>\u001b[39m\n        \u001b[36m<p\u001b[39m\n          \u001b[33mstyle\u001b[39m=\u001b[32m\"color: rgb(148, 163, 184); margin-bottom: 20px;\"\u001b[39m\n        \u001b[36m>\u001b[39m\n          \u001b[0mDestination: \u001b[0m\n          \u001b[36m<strong\u001b[39m\n            \u001b[33mstyle\u001b[39m=\u001b[32m\"color: rgb(238, 242, 255);\"\u001b[39m\n          \u001b[36m>\u001b[39m\n            \u001b[0mParis\u001b[0m\n          \u001b[36m</strong>\u001b[39m\n        \u001b[36m</p>\u001b[39m\n        \u001b[36m<div\u001b[39m\n          \u001b[33mclass\u001b[39m=\u001b[32m\"alert alert-error\"\u001b[39m\n          \u001b[33mstyle\u001b[39m=\u001b[32m\"margin-bottom: 20px;\"\u001b[39m\n        \u001b[36m>\u001b[39m\n          \u001b[36m<span>\u001b[39m\n            \u001b[0m⚠️\u001b[0m\n          \u001b[36m</span>\u001b[39m\n          \u001b[36m<div>\u001b[39m\n            \u001b[36m<div\u001b[39m\n              \u001b[33mstyle\u001b[39m=\u001b[32m\"font-weight: 600;\"\u001b[39m\n            \u001b[36m>\u001b[39m\n              \u001b[0mNo Refund\u001b[0m\n            \u001b[36m</div>\u001b[39m\n            \u001b[36m<div\u001b[39m\n              \u001b[33mstyle\u001b[39m=\u001b[32m\"font-size: 0.85rem; margin-top: 4px;\"\u001b[39m\n            \u001b[36m>\u001b[39m\n              \u001b[0mNo refund.\u001b[0m\n            \u001b[36m</div>\u001b[39m\n          \u001b[36m</div>\u001b[39m\n        \u001b[36m</div>\u001b[39m\n        \u001b[36m<div\u001b[39m\n          \u001b[33mclass\u001b[39m=\u001b[32m\"tm-modal-actions\"\u001b[39m\n        \u001b[36m>\u001b[39m\n          \u001b[36m<button\u001b[39m\n            \u001b[33mclass\u001b[39m=\u001b[32m\"btn-ghost\"\u001b[39m\n          \u001b[36m>\u001b[39m\n            \u001b[0mKeep Booking\u001b[0m\n          \u001b[36m</button>\u001b[39m\n          \u001b[36m<button\u001b[39m\n            \u001b[33mclass\u001b[39m=\u001b[32m\"btn-cancel\"\u001b[39m\n            \u001b[33mstyle\u001b[39m=\u001b[32m\"flex: 2;\"\u001b[39m\n          \u001b[36m>\u001b[39m\n            \u001b[0mYes, Cancel Booking\u001b[0m\n          \u001b[36m</button>\u001b[39m\n        \u001b[36m</div>\u001b[39m\n      \u001b[36m</div>\u001b[39m\n    \u001b[36m</div>\u001b[39m\n  \u001b[36m</div>\u001b[39m\n\u001b[36m</body>\u001b[39m\n    at waitFor (C:\\Users\\aryaa\\OneDrive\\Desktop\\TravelMate\\frontend\\travelmate-ui\\node_modules\\@testing-library\\dom\\dist\\wait-for.js:163:27)\n    at Object.<anonymous> (C:\\Users\\aryaa\\OneDrive\\Desktop\\TravelMate\\frontend\\travelmate-ui\\src\\components\\BookingCard.test.js:123:11)\n    at Promise.then.completed (C:\\Users\\aryaa\\OneDrive\\Desktop\\TravelMate\\frontend\\travelmate-ui\\node_modules\\jest-circus\\build\\utils.js:391:28)\n    at new Promise (<anonymous>)\n    at callAsyncCircusFn (C:\\Users\\aryaa\\OneDrive\\Desktop\\TravelMate\\frontend\\travelmate-ui\\node_modules\\jest-circus\\build\\utils.js:316:10)\n    at _callCircusTest (C:\\Users\\aryaa\\OneDrive\\Desktop\\TravelMate\\frontend\\travelmate-ui\\node_modules\\jest-circus\\build\\run.js:218:40)\n    at runNextTicks (node:internal/process/task_queues:65:5)\n    at listOnTimeout (node:internal/timers:555:9)\n    at processTimers (node:internal/timers:529:7)\n    at _runTest (C:\\Users\\aryaa\\OneDrive\\Desktop\\TravelMate\\frontend\\travelmate-ui\\node_modules\\jest-circus\\build\\run.js:155:3)\n    at _runTestsForDescribeBlock (C:\\Users\\aryaa\\OneDrive\\Desktop\\TravelMate\\frontend\\travelmate-ui\\node_modules\\jest-circus\\build\\run.js:66:9)\n    at _runTestsForDescribeBlock (C:\\Users\\aryaa\\OneDrive\\Desktop\\TravelMate\\frontend\\travelmate-ui\\node_modules\\jest-circus\\build\\run.js:60:9)\n    at run (C:\\Users\\aryaa\\OneDrive\\Desktop\\TravelMate\\frontend\\travelmate-ui\\node_modules\\jest-circus\\build\\run.js:25:3)\n    at runAndTransformResultsToJestFormat (C:\\Users\\aryaa\\OneDrive\\Desktop\\TravelMate\\frontend\\travelmate-ui\\node_modules\\jest-circus\\build\\legacy-code-todo-rewrite\\jestAdapterInit.js:170:21)\n    at jestAdapter (C:\\Users\\aryaa\\OneDrive\\Desktop\\TravelMate\\frontend\\travelmate-ui\\node_modules\\jest-circus\\build\\legacy-code-todo-rewrite\\jestAdapter.js:82:19)\n    at runTestInternal (C:\\Users\\aryaa\\OneDrive\\Desktop\\TravelMate\\frontend\\travelmate-ui\\node_modules\\jest-runner\\build\\runTest.js:389:16)\n    at runTest (C:\\Users\\aryaa\\OneDrive\\Desktop\\TravelMate\\frontend\\travelmate-ui\\node_modules\\jest-runner\\build\\runTest.js:475:34)\n    at Object.worker (C:\\Users\\aryaa\\OneDrive\\Desktop\\TravelMate\\frontend\\travelmate-ui\\node_modules\\jest-runner\\build\\testWorker.js:133:12)"],"fullName":"BookingCard Component handles cancellation — opens CancelConfirmModal","location":null,"status":"failed","title":"handles cancellation — opens CancelConfirmModal"}],"endTime":1778215304924,"message":"  ● BookingCard Component › handles cancellation — opens CancelConfirmModal\n\n    Found multiple elements with the text: Paris\n\n    Here are the matching elements:\n\n    Ignored nodes: comments, script, style\n    \u001b[36m<div\u001b[39m\n      \u001b[33mclass\u001b[39m=\u001b[32m\"booking-dest\"\u001b[39m\n    \u001b[36m>\u001b[39m\n      \u001b[0mParis\u001b[0m\n    \u001b[36m</div>\u001b[39m\n\n    Ignored nodes: comments, script, style\n    \u001b[36m<strong\u001b[39m\n      \u001b[33mstyle\u001b[39m=\u001b[32m\"color: rgb(238, 242, 255);\"\u001b[39m\n    \u001b[36m>\u001b[39m\n      \u001b[0mParis\u001b[0m\n    \u001b[36m</strong>\u001b[39m\n\n    (If this is intentional, then use the `*AllBy*` variant of the query (like `queryAllByText`, `getAllByText`, or `findAllByText`)).\n\n    Ignored nodes: comments, script, style\n    \u001b[36m<body>\u001b[39m\n      \u001b[36m<div>\u001b[39m\n        \u001b[36m<div\u001b[39m\n          \u001b[33mclass\u001b[39m=\u001b[32m\"booking-card\"\u001b[39m\n        \u001b[36m>\u001b[39m\n          \u001b[36m<div\u001b[39m\n            \u001b[33mclass\u001b[39m=\u001b[32m\"booking-head\"\u001b[39m\n          \u001b[36m>\u001b[39m\n            \u001b[36m<div>\u001b[39m\n              \u001b[36m<div\u001b[39m\n                \u001b[33mclass\u001b[39m=\u001b[32m\"booking-dest\"\u001b[39m\n              \u001b[36m>\u001b[39m\n                \u001b[0mParis\u001b[0m\n              \u001b[36m</div>\u001b[39m\n              \u001b[36m<div\u001b[39m\n                \u001b[33mclass\u001b[39m=\u001b[32m\"booking-type-label\"\u001b[39m\n              \u001b[36m>\u001b[39m\n                \u001b[36m<span\u001b[39m\n                  \u001b[33mclass\u001b[39m=\u001b[32m\"badge badge-official\"\u001b[39m\n                \u001b[36m>\u001b[39m\n                  \u001b[0m✅ Official Package\u001b[0m\n                \u001b[36m</span>\u001b[39m\n              \u001b[36m</div>\u001b[39m\n            \u001b[36m</div>\u001b[39m\n            \u001b[36m<div\u001b[39m\n              \u001b[33mclass\u001b[39m=\u001b[32m\"booking-badges\"\u001b[39m\n            \u001b[36m>\u001b[39m\n              \u001b[36m<span\u001b[39m\n                \u001b[33mclass\u001b[39m=\u001b[32m\"badge badge-info\"\u001b[39m\n              \u001b[36m>\u001b[39m\n                \u001b[0m🕐\u001b[0m\n                \u001b[0m \u001b[0m\n                \u001b[0mNot Started\u001b[0m\n              \u001b[36m</span>\u001b[39m\n              \u001b[36m<span\u001b[39m\n                \u001b[33mclass\u001b[39m=\u001b[32m\"badge badge-warning\"\u001b[39m\n              \u001b[36m>\u001b[39m\n                \u001b[0m💳 Partial Pay\u001b[0m\n              \u001b[36m</span>\u001b[39m\n              \u001b[36m<span\u001b[39m\n                \u001b[33mclass\u001b[39m=\u001b[32m\"badge badge-info\"\u001b[39m\n              \u001b[36m>\u001b[39m\n                \u001b[0m🎟 Confirmed\u001b[0m\n              \u001b[36m</span>\u001b[39m\n            \u001b[36m</div>\u001b[39m\n          \u001b[36m</div>\u001b[39m\n          \u001b[36m<div\u001b[39m\n            \u001b[33mclass\u001b[39m=\u001b[32m\"booking-info-row\"\u001b[39m\n          \u001b[36m>\u001b[39m\n            \u001b[36m<div\u001b[39m\n              \u001b[33mclass\u001b[39m=\u001b[32m\"booking-info-item\"\u001b[39m\n            \u001b[36m>\u001b[39m\n              \u001b[36m<span\u001b[39m\n                \u001b[33mclass\u001b[39m=\u001b[32m\"info-label\"\u001b[39m\n              \u001b[36m>\u001b[39m\n                \u001b[0mDeparture\u001b[0m\n              \u001b[36m</span>\u001b[39m\n              \u001b[36m<span\u001b[39m\n                \u001b[33mclass\u001b[39m=\u001b[32m\"info-val\"\u001b[39m\n              \u001b[36m>\u001b[39m\n                \u001b[0m2023-10-01\u001b[0m\n              \u001b[36m</span>\u001b[39m\n            \u001b[36m</div>\u001b[39m\n            \u001b[36m<div\u001b[39m\n              \u001b[33mclass\u001b[39m=\u001b[32m\"booking-arrow\"\u001b[39m\n            \u001b[36m>\u001b[39m\n              \u001b[0m→\u001b[0m\n            \u001b[36m</div>\u001b[39m\n            \u001b[36m<div\u001b[39m\n              \u001b[33mclass\u001b[39m=\u001b[32m\"booking-info-item\"\u001b[39m\n            \u001b[36m>\u001b[39m\n              \u001b[36m<span\u001b[39m\n                \u001b[33mclass\u001b[39m=\u001b[32m\"info-label\"\u001b[39m\n              \u001b[36m>\u001b[39m\n                \u001b[0mReturn\u001b[0m\n              \u001b[36m</span>\u001b[39m\n              \u001b[36m<span\u001b[39m\n                \u001b[33mclass\u001b[39m=\u001b[32m\"info-val\"\u001b[39m\n              \u001b[36m>\u001b[39m\n                \u001b[0m2023-10-05\u001b[0m\n              \u001b[36m</span>\u001b[39m\n            \u001b[36m</div>\u001b[39m\n            \u001b[36m<div\u001b[39m\n              \u001b[33mclass\u001b[39m=\u001b[32m\"booking-info-item\"\u001b[39m\n            \u001b[36m>\u001b[39m\n              \u001b[36m<span\u001b[39m\n                \u001b[33mclass\u001b[39m=\u001b[32m\"info-label\"\u001b[39m\n              \u001b[36m>\u001b[39m\n                \u001b[0mDuration\u001b[0m\n              \u001b[36m</span>\u001b[39m\n              \u001b[36m<span\u001b[39m\n                \u001b[33mclass\u001b[39m=\u001b[32m\"info-val\"\u001b[39m\n              \u001b[36m>\u001b[39m\n                \u001b[0m5\u001b[0m\n                \u001b[0md\u001b[0m\n              \u001b[36m</span>\u001b[39m\n            \u001b[36m</div>\u001b[39m\n            \u001b[36m<div\u001b[39m\n              \u001b[33mclass\u001b[39m=\u001b[32m\"booking-info-item\"\u001b[39m\n            \u001b[36m>\u001b[39m\n              \u001b[36m<span\u001b[39m\n                \u001b[33mclass\u001b[39m=\u001b[32m\"info-label\"\u001b[39m\n              \u001b[36m>\u001b[39m\n                \u001b[0mPeople\u001b[0m\n              \u001b[36m</span>\u001b[39m\n              \u001b[36m<span\u001b[39m\n                \u001b[33mclass\u001b[39m=\u001b[32m\"info-val\"\u001b[39m\n              \u001b[36m>\u001b[39m\n                \u001b[0m2\u001b[0m\n              \u001b[36m</span>\u001b[39m\n            \u001b[36m</div>\u001b[39m\n          \u001b[36m</div>\u001b[39m\n          \u001b[36m<div\u001b[39m\n            \u001b[33mclass\u001b[39m=\u001b[32m\"traveller-section\"\u001b[39m\n          \u001b[36m>\u001b[39m\n            \u001b[36m<div\u001b[39m\n              \u001b[33mclass\u001b[39m=\u001b[32m\"traveller-label\"\u001b[39m\n            \u001b[36m>\u001b[39m\n              \u001b[0m👥 Travellers\u001b[0m\n            \u001b[36m</div>\u001b[39m\n            \u001b[36m<div\u001b[39m\n              \u001b[33mclass\u001b[39m=\u001b[32m\"traveller-pills\"\u001b[39m\n            \u001b[36m>\u001b[39m\n              \u001b[36m<span\u001b[39m\n                \u001b[33mclass\u001b[39m=\u001b[32m\"traveller-pill\"\u001b[39m\n              \u001b[36m>\u001b[39m\n                \u001b[0mJohn\u001b[0m\n              \u001b[36m</span>\u001b[39m\n              \u001b[36m<span\u001b[39m\n                \u001b[33mclass\u001b[39m=\u001b[32m\"traveller-pill\"\u001b[39m\n              \u001b[36m>\u001b[39m\n                \u001b[0mJane\u001b[0m\n              \u001b[36m</span>\u001b[39m\n            \u001b[36m</div>\u001b[39m\n          \u001b[36m</div>\u001b[39m\n          \u001b[36m<div\u001b[39m\n            \u001b[33mclass\u001b[39m=\u001b[32m\"booking-money\"\u001b[39m\n          \u001b[36m>\u001b[39m\n            \u001b[36m<div\u001b[39m\n              \u001b[33mclass\u001b[39m=\u001b[32m\"money-item\"\u001b[39m\n            \u001b[36m>\u001b[39m\n              \u001b[36m<span\u001b[39m\n                \u001b[33mclass\u001b[39m=\u001b[32m\"money-label\"\u001b[39m\n              \u001b[36m>\u001b[39m\n                \u001b[0mTotal\u001b[0m\n              \u001b[36m</span>\u001b[39m\n              \u001b[36m<span\u001b[39m\n                \u001b[33mclass\u001b[39m=\u001b[32m\"money-val\"\u001b[39m\n              \u001b[36m>\u001b[39m\n                \u001b[0m₹\u001b[0m\n                \u001b[0m10,000\u001b[0m\n              \u001b[36m</span>\u001b[39m\n            \u001b[36m</div>\u001b[39m\n            \u001b[36m<div\u001b[39m\n              \u001b[33mclass\u001b[39m=\u001b[32m\"money-item\"\u001b[39m\n            \u001b[36m>\u001b[39m\n              \u001b[36m<span\u001b[39m\n                \u001b[33mclass\u001b[39m=\u001b[32m\"money-label\"\u001b[39m\n              \u001b[36m>\u001b[39m\n                \u001b[0mPaid\u001b[0m\n              \u001b[36m</span>\u001b[39m\n              \u001b[36m<span\u001b[39m\n                \u001b[33mclass\u001b[39m=\u001b[32m\"money-val paid-amt\"\u001b[39m\n              \u001b[36m>\u001b[39m\n                \u001b[0m₹\u001b[0m\n                \u001b[0m3,000\u001b[0m\n              \u001b[36m</span>\u001b[39m\n            \u001b[36m</div>\u001b[39m\n            \u001b[36m<div\u001b[39m\n              \u001b[33mclass\u001b[39m=\u001b[32m\"money-item\"\u001b[39m\n            \u001b[36m>\u001b[39m\n              \u001b[36m<span\u001b[39m\n                \u001b[33mclass\u001b[39m=\u001b[32m\"money-label\"\u001b[39m\n              \u001b[36m>\u001b[39m\n                \u001b[0mDue\u001b[0m\n              \u001b[36m</span>\u001b[39m\n              \u001b[36m<span\u001b[39m\n                \u001b[33mclass\u001b[39m=\u001b[32m\"money-val due-amt\"\u001b[39m\n              \u001b[36m>\u001b[39m\n                \u001b[0m₹\u001b[0m\n                \u001b[0m7,000\u001b[0m\n              \u001b[36m</span>\u001b[39m\n            \u001b[36m</div>\u001b[39m\n          \u001b[36m</div>\u001b[39m\n          \u001b[36m<div\u001b[39m\n            \u001b[33mclass\u001b[39m=\u001b[32m\"booking-actions\"\u001b[39m\n          \u001b[36m>\u001b[39m\n            \u001b[36m<button\u001b[39m\n              \u001b[33mclass\u001b[39m=\u001b[32m\"btn-view-details\"\u001b[39m\n            \u001b[36m>\u001b[39m\n              \u001b[0mView Details ▼\u001b[0m\n            \u001b[36m</button>\u001b[39m\n            \u001b[36m<button\u001b[39m\n              \u001b[33mclass\u001b[39m=\u001b[32m\"btn-pay\"\u001b[39m\n            \u001b[36m>\u001b[39m\n              \u001b[0m💳 Pay ₹7,000\u001b[0m\n            \u001b[36m</button>\u001b[39m\n            \u001b[36m<button\u001b[39m\n              \u001b[33mclass\u001b[39m=\u001b[32m\"btn-extend\"\u001b[39m\n            \u001b[36m>\u001b[39m\n              \u001b[0m+ Extend\u001b[0m\n            \u001b[36m</button>\u001b[39m\n            \u001b[36m<button\u001b[39m\n              \u001b[33mclass\u001b[39m=\u001b[32m\"btn-cancel\"\u001b[39m\n            \u001b[36m>\u001b[39m\n              \u001b[0mCancel\u001b[0m\n            \u001b[36m</button>\u001b[39m\n          \u001b[36m</div>\u001b[39m\n        \u001b[36m</div>\u001b[39m\n        \u001b[36m<div\u001b[39m\n          \u001b[33mclass\u001b[39m=\u001b[32m\"tm-modal-overlay\"\u001b[39m\n        \u001b[36m>\u001b[39m\n          \u001b[36m<div\u001b[39m\n            \u001b[33mclass\u001b[39m=\u001b[32m\"tm-modal\"\u001b[39m\n            \u001b[33mstyle\u001b[39m=\u001b[32m\"max-width: 440px;\"\u001b[39m\n          \u001b[36m>\u001b[39m\n            \u001b[36m<div\u001b[39m\n              \u001b[33mclass\u001b[39m=\u001b[32m\"tm-modal-head\"\u001b[39m\n            \u001b[36m>\u001b[39m\n              \u001b[36m<div\u001b[39m\n                \u001b[33mclass\u001b[39m=\u001b[32m\"tm-modal-title\"\u001b[39m\n              \u001b[36m>\u001b[39m\n                \u001b[0mCancel Booking?\u001b[0m\n              \u001b[36m</div>\u001b[39m\n              \u001b[36m<button\u001b[39m\n                \u001b[33mclass\u001b[39m=\u001b[32m\"tm-modal-close\"\u001b[39m\n              \u001b[36m>\u001b[39m\n                \u001b[0m✕\u001b[0m\n              \u001b[36m</button>\u001b[39m\n            \u001b[36m</div>\u001b[39m\n            \u001b[36m<p\u001b[39m\n              \u001b[33mstyle\u001b[39m=\u001b[32m\"color: rgb(148, 163, 184); margin-bottom: 20px;\"\u001b[39m\n            \u001b[36m>\u001b[39m\n              \u001b[0mDestination: \u001b[0m\n              \u001b[36m<strong\u001b[39m\n                \u001b[33mstyle\u001b[39m=\u001b[32m\"color: rgb(238, 242, 255);\"\u001b[39m\n              \u001b[36m>\u001b[39m\n                \u001b[0mParis\u001b[0m\n              \u001b[36m</strong>\u001b[39m\n            \u001b[36m</p>\u001b[39m\n            \u001b[36m<div\u001b[39m\n              \u001b[33mclass\u001b[39m=\u001b[32m\"alert alert-error\"\u001b[39m\n              \u001b[33mstyle\u001b[39m=\u001b[32m\"margin-bottom: 20px;\"\u001b[39m\n            \u001b[36m>\u001b[39m\n              \u001b[36m<span>\u001b[39m\n                \u001b[0m⚠️\u001b[0m\n              \u001b[36m</span>\u001b[39m\n              \u001b[36m<div>\u001b[39m\n                \u001b[36m<div\u001b[39m\n                  \u001b[33mstyle\u001b[39m=\u001b[32m\"font-weight: 600;\"\u001b[39m\n                \u001b[36m>\u001b[39m\n                  \u001b[0mNo Refund\u001b[0m\n                \u001b[36m</div>\u001b[39m\n                \u001b[36m<div\u001b[39m\n                  \u001b[33mstyle\u001b[39m=\u001b[32m\"font-size: 0.85rem; margin-top: 4px;\"\u001b[39m\n                \u001b[36m>\u001b[39m\n                  \u001b[0mNo refund.\u001b[0m\n                \u001b[36m</div>\u001b[39m\n              \u001b[36m</div>\u001b[39m\n            \u001b[36m</div>\u001b[39m\n            \u001b[36m<div\u001b[39m\n              \u001b[33mclass\u001b[39m=\u001b[32m\"tm-modal-actions\"\u001b[39m\n            \u001b[36m>\u001b[39m\n              \u001b[36m<button\u001b[39m\n                \u001b[33mclass\u001b[39m=\u001b[32m\"btn-ghost\"\u001b[39m\n              \u001b[36m>\u001b[39m\n                \u001b[0mKeep Booking\u001b[0m\n              \u001b[36m</button>\u001b[39m\n              \u001b[36m<button\u001b[39m\n                \u001b[33mclass\u001b[39m=\u001b[32m\"btn-cancel\"\u001b[39m\n                \u001b[33mstyle\u001b[39m=\u001b[32m\"flex: 2;\"\u001b[39m\n              \u001b[36m>\u001b[39m\n                \u001b[0mYes, Cancel Booking\u001b[0m\n              \u001b[36m</button>\u001b[39m\n            \u001b[36m</div>\u001b[39m\n          \u001b[36m</div>\u001b[39m\n        \u001b[36m</div>\u001b[39m\n      \u001b[36m</div>\u001b[39m\n    \u001b[36m</body>\u001b[39m\n\n    \u001b[0m \u001b[90m 121 |\u001b[39m     \u001b[90m// CancelConfirmModal opens — it loads refund info via API.get\u001b[39m\n     \u001b[90m 122 |\u001b[39m     \u001b[36mconst\u001b[39m { waitFor } \u001b[33m=\u001b[39m require(\u001b[32m\"@testing-library/react\"\u001b[39m)\u001b[33m;\u001b[39m\n    \u001b[31m\u001b[1m>\u001b[22m\u001b[39m\u001b[90m 123 |\u001b[39m     \u001b[36mawait\u001b[39m waitFor(() \u001b[33m=>\u001b[39m expect(screen\u001b[33m.\u001b[39mgetByText(\u001b[32m\"Paris\"\u001b[39m))\u001b[33m.\u001b[39mtoBeInTheDocument())\u001b[33m;\u001b[39m\n     \u001b[90m     |\u001b[39m           \u001b[31m\u001b[1m^\u001b[22m\u001b[39m\n     \u001b[90m 124 |\u001b[39m     expect(screen\u001b[33m.\u001b[39mgetAllByText(\u001b[35m/No Refund/i\u001b[39m)[\u001b[35m0\u001b[39m])\u001b[33m.\u001b[39mtoBeInTheDocument()\u001b[33m;\u001b[39m\n     \u001b[90m 125 |\u001b[39m   })\u001b[33m;\u001b[39m\n     \u001b[90m 126 |\u001b[39m })\u001b[33m;\u001b[39m\u001b[0m\n\n      at waitFor (node_modules/@testing-library/dom/dist/wait-for.js:163:27)\n      at Object.<anonymous> (src/components/BookingCard.test.js:123:11)\n","name":"C:\\Users\\aryaa\\OneDrive\\Desktop\\TravelMate\\frontend\\travelmate-ui\\src\\components\\BookingCard.test.js","startTime":1778215300916,"status":"failed","summary":""},{"assertionResults":[{"ancestorTitles":["CustomPackageTab Component"],"failureMessages":[],"fullName":"CustomPackageTab Component renders form title","location":null,"status":"passed","title":"renders form title"},{"ancestorTitles":["CustomPackageTab Component"],"failureMessages":[],"fullName":"CustomPackageTab Component shows fixed price banner for NATIONAL (₹15,000)","location":null,"status":"passed","title":"shows fixed price banner for NATIONAL (₹15,000)"},{"ancestorTitles":["CustomPackageTab Component"],"failureMessages":[],"fullName":"CustomPackageTab Component renders people counter with + and - buttons","location":null,"status":"passed","title":"renders people counter with + and - buttons"},{"ancestorTitles":["CustomPackageTab Component"],"failureMessages":[],"fullName":"CustomPackageTab Component renders Total price row","location":null,"status":"passed","title":"renders Total price row"},{"ancestorTitles":["CustomPackageTab Component"],"failureMessages":[],"fullName":"CustomPackageTab Component renders Book Custom Trip button","location":null,"status":"passed","title":"renders Book Custom Trip button"},{"ancestorTitles":["CustomPackageTab Component"],"failureMessages":[],"fullName":"CustomPackageTab Component shows error if traveller names are empty on book","location":null,"status":"passed","title":"shows error if traveller names are empty on book"},{"ancestorTitles":["CustomPackageTab Component"],"failureMessages":[],"fullName":"CustomPackageTab Component shows INTERNATIONAL price when International is selected","location":null,"status":"passed","title":"shows INTERNATIONAL price when International is selected"},{"ancestorTitles":["CustomPackageTab Component"],"failureMessages":[],"fullName":"CustomPackageTab Component decrements people count but not below 1","location":null,"status":"passed","title":"decrements people count but not below 1"},{"ancestorTitles":["CustomPackageTab Component"],"failureMessages":[],"fullName":"CustomPackageTab Component shows duplicate names warning","location":null,"status":"passed","title":"shows duplicate names warning"},{"ancestorTitles":["CustomPackageTab Component"],"failureMessages":[],"fullName":"CustomPackageTab Component submits custom booking via cash payment","location":null,"status":"passed","title":"submits custom booking via cash payment"},{"ancestorTitles":["CustomPackageTab Component"],"failureMessages":[],"fullName":"CustomPackageTab Component submits custom booking via online payment","location":null,"status":"passed","title":"submits custom booking via online payment"}],"endTime":1778215305035,"message":"","name":"C:\\Users\\aryaa\\OneDrive\\Desktop\\TravelMate\\frontend\\travelmate-ui\\src\\components\\CustomPackageTab.test.js","startTime":1778215301077,"status":"passed","summary":""},{"assertionResults":[{"ancestorTitles":["BookingModal Component"],"failureMessages":[],"fullName":"BookingModal Component renders package name and price","location":null,"status":"passed","title":"renders package name and price"},{"ancestorTitles":["BookingModal Component"],"failureMessages":[],"fullName":"BookingModal Component shows people counter with default value 1","location":null,"status":"passed","title":"shows people counter with default value 1"},{"ancestorTitles":["BookingModal Component"],"failureMessages":[],"fullName":"BookingModal Component shows error when traveller name is empty and Book Now clicked","location":null,"status":"passed","title":"shows error when traveller name is empty and Book Now clicked"},{"ancestorTitles":["BookingModal Component"],"failureMessages":[],"fullName":"BookingModal Component calls onClose when Cancel button clicked","location":null,"status":"passed","title":"calls onClose when Cancel button clicked"},{"ancestorTitles":["BookingModal Component"],"failureMessages":[],"fullName":"BookingModal Component renders Online and Cash payment radio buttons","location":null,"status":"passed","title":"renders Online and Cash payment radio buttons"},{"ancestorTitles":["BookingModal Component"],"failureMessages":[],"fullName":"BookingModal Component counter increments people count","location":null,"status":"passed","title":"counter increments people count"},{"ancestorTitles":["BookingModal Component"],"failureMessages":[],"fullName":"BookingModal Component renders Book Now button","location":null,"status":"passed","title":"renders Book Now button"},{"ancestorTitles":["BookingModal Component"],"failureMessages":[],"fullName":"BookingModal Component decrements people count but not below 1","location":null,"status":"passed","title":"decrements people count but not below 1"},{"ancestorTitles":["BookingModal Component"],"failureMessages":[],"fullName":"BookingModal Component shows duplicate names warning","location":null,"status":"passed","title":"shows duplicate names warning"},{"ancestorTitles":["BookingModal Component"],"failureMessages":[],"fullName":"BookingModal Component loads itinerary preview","location":null,"status":"passed","title":"loads itinerary preview"},{"ancestorTitles":["BookingModal Component"],"failureMessages":[],"fullName":"BookingModal Component proceeds to policy screen and submits cash booking","location":null,"status":"passed","title":"proceeds to policy screen and submits cash booking"}],"endTime":1778215305109,"message":"","name":"C:\\Users\\aryaa\\OneDrive\\Desktop\\TravelMate\\frontend\\travelmate-ui\\src\\components\\BookingModal.test.js","startTime":1778215301014,"status":"passed","summary":""}],"wasInterrupted":false,"coverageMap":{"C:\\Users\\aryaa\\OneDrive\\Desktop\\TravelMate\\frontend\\travelmate-ui\\src\\components\\PackageCard.js":{"path":"C:\\Users\\aryaa\\OneDrive\\Desktop\\TravelMate\\frontend\\travelmate-ui\\src\\components\\PackageCard.js","statementMap":{"0":{"start":{"line":1,"column":20},"end":{"line":1,"column":71}},"1":{"start":{"line":2,"column":24},"end":{"line":2,"column":75}},"2":{"start":{"line":2,"column":32},"end":{"line":2,"column":75}},"3":{"start":{"line":5,"column":18},"end":{"line":5,"column":39}},"4":{"start":{"line":6,"column":18},"end":{"line":6,"column":38}},"5":{"start":{"line":7,"column":18},"end":{"line":7,"column":45}},"6":{"start":{"line":8,"column":18},"end":{"line":8,"column":55}},"7":{"start":{"line":9,"column":18},"end":{"line":9,"column":27}},"8":{"start":{"line":11,"column":2},"end":{"line":53,"column":4}},"9":{"start":{"line":47,"column":56},"end":{"line":47,"column":67}}},"fnMap":{"0":{"name":"(anonymous_0)","decl":{"start":{"line":2,"column":24},"end":{"line":2,"column":25}},"loc":{"start":{"line":2,"column":32},"end":{"line":2,"column":75}},"line":2},"1":{"name":"PackageCard","decl":{"start":{"line":4,"column":24},"end":{"line":4,"column":35}},"loc":{"start":{"line":4,"column":53},"end":{"line":54,"column":1}},"line":4},"2":{"name":"(anonymous_2)","decl":{"start":{"line":47,"column":50},"end":{"line":47,"column":51}},"loc":{"start":{"line":47,"column":56},"end":{"line":47,"column":67}},"line":47}},"branchMap":{"0":{"loc":{"start":{"line":2,"column":45},"end":{"line":2,"column":52}},"type":"binary-expr","locations":[{"start":{"line":2,"column":45},"end":{"line":2,"column":47}},{"start":{"line":2,"column":51},"end":{"line":2,"column":52}}],"line":2},"1":{"loc":{"start":{"line":5,"column":18},"end":{"line":5,"column":39}},"type":"binary-expr","locations":[{"start":{"line":5,"column":18},"end":{"line":5,"column":32}},{"start":{"line":5,"column":37},"end":{"line":5,"column":39}}],"line":5},"2":{"loc":{"start":{"line":6,"column":18},"end":{"line":6,"column":38}},"type":"binary-expr","locations":[{"start":{"line":6,"column":18},"end":{"line":6,"column":33}},{"start":{"line":6,"column":37},"end":{"line":6,"column":38}}],"line":6},"3":{"loc":{"start":{"line":24,"column":34},"end":{"line":24,"column":85}},"type":"cond-expr","locations":[{"start":{"line":24,"column":43},"end":{"line":24,"column":52}},{"start":{"line":24,"column":55},"end":{"line":24,"column":85}}],"line":24},"4":{"loc":{"start":{"line":25,"column":11},"end":{"line":25,"column":63}},"type":"binary-expr","locations":[{"start":{"line":25,"column":11},"end":{"line":25,"column":19}},{"start":{"line":25,"column":23},"end":{"line":25,"column":63}}],"line":25},"5":{"loc":{"start":{"line":26,"column":11},"end":{"line":26,"column":85}},"type":"binary-expr","locations":[{"start":{"line":26,"column":11},"end":{"line":26,"column":30}},{"start":{"line":26,"column":34},"end":{"line":26,"column":85}}],"line":26},"6":{"loc":{"start":{"line":38,"column":11},"end":{"line":40,"column":62}},"type":"cond-expr","locations":[{"start":{"line":39,"column":14},"end":{"line":39,"column":46}},{"start":{"line":40,"column":14},"end":{"line":40,"column":62}}],"line":38},"7":{"loc":{"start":{"line":43,"column":9},"end":{"line":49,"column":21}},"type":"cond-expr","locations":[{"start":{"line":44,"column":12},"end":{"line":46,"column":19}},{"start":{"line":47,"column":12},"end":{"line":49,"column":21}}],"line":43}},"s":{"0":2,"1":2,"2":17,"3":14,"4":14,"5":14,"6":14,"7":14,"8":14,"9":2},"f":{"0":17,"1":14,"2":2},"b":{"0":[17,2],"1":[14,0],"2":[14,0],"3":[3,11],"4":[14,14],"5":[14,14],"6":[3,11],"7":[3,11]},"_coverageSchema":"1a1c01bbd47fc00a2c39e90264f33305004495a9","hash":"bcd5fa84fd1025e1ad1d0898a914accff5a9a100"},"C:\\Users\\aryaa\\OneDrive\\Desktop\\TravelMate\\frontend\\travelmate-ui\\src\\components\\CancellationPolicyModal.js":{"path":"C:\\Users\\aryaa\\OneDrive\\Desktop\\TravelMate\\frontend\\travelmate-ui\\src\\components\\CancellationPolicyModal.js","statementMap":{"0":{"start":{"line":5,"column":2},"end":{"line":41,"column":4}}},"fnMap":{"0":{"name":"CancellationPolicyModal","decl":{"start":{"line":4,"column":24},"end":{"line":4,"column":47}},"loc":{"start":{"line":4,"column":97},"end":{"line":42,"column":1}},"line":4}},"branchMap":{"0":{"loc":{"start":{"line":4,"column":70},"end":{"line":4,"column":93}},"type":"default-arg","locations":[{"start":{"line":4,"column":84},"end":{"line":4,"column":93}}],"line":4}},"s":{"0":11},"f":{"0":11},"b":{"0":[8]},"_coverageSchema":"1a1c01bbd47fc00a2c39e90264f33305004495a9","hash":"7b3d38dc26113b8c4acb325dce5f27a9fed79036"},"C:\\Users\\aryaa\\OneDrive\\Desktop\\TravelMate\\frontend\\travelmate-ui\\src\\components\\ItineraryView.js":{"path":"C:\\Users\\aryaa\\OneDrive\\Desktop\\TravelMate\\frontend\\travelmate-ui\\src\\components\\ItineraryView.js","statementMap":{"0":{"start":{"line":2,"column":2},"end":{"line":2,"column":56}},"1":{"start":{"line":2,"column":44},"end":{"line":2,"column":56}},"2":{"start":{"line":3,"column":2},"end":{"line":18,"column":4}},"3":{"start":{"line":7,"column":21},"end":{"line":7,"column":41}},"4":{"start":{"line":8,"column":21},"end":{"line":8,"column":38}},"5":{"start":{"line":9,"column":23},"end":{"line":9,"column":49}},"6":{"start":{"line":10,"column":8},"end":{"line":15,"column":10}}},"fnMap":{"0":{"name":"ItineraryView","decl":{"start":{"line":1,"column":24},"end":{"line":1,"column":37}},"loc":{"start":{"line":1,"column":53},"end":{"line":19,"column":1}},"line":1},"1":{"name":"(anonymous_1)","decl":{"start":{"line":6,"column":21},"end":{"line":6,"column":22}},"loc":{"start":{"line":6,"column":34},"end":{"line":16,"column":7}},"line":6}},"branchMap":{"0":{"loc":{"start":{"line":2,"column":2},"end":{"line":2,"column":56}},"type":"if","locations":[{"start":{"line":2,"column":2},"end":{"line":2,"column":56}},{"start":{},"end":{}}],"line":2},"1":{"loc":{"start":{"line":2,"column":6},"end":{"line":2,"column":42}},"type":"binary-expr","locations":[{"start":{"line":2,"column":6},"end":{"line":2,"column":16}},{"start":{"line":2,"column":20},"end":{"line":2,"column":42}}],"line":2},"2":{"loc":{"start":{"line":7,"column":21},"end":{"line":7,"column":41}},"type":"binary-expr","locations":[{"start":{"line":7,"column":21},"end":{"line":7,"column":29}},{"start":{"line":7,"column":35},"end":{"line":7,"column":40}}],"line":7},"3":{"loc":{"start":{"line":8,"column":21},"end":{"line":8,"column":38}},"type":"binary-expr","locations":[{"start":{"line":8,"column":21},"end":{"line":8,"column":30}},{"start":{"line":8,"column":34},"end":{"line":8,"column":38}}],"line":8},"4":{"loc":{"start":{"line":11,"column":51},"end":{"line":11,"column":85}},"type":"cond-expr","locations":[{"start":{"line":11,"column":60},"end":{"line":11,"column":80}},{"start":{"line":11,"column":83},"end":{"line":11,"column":85}}],"line":11}},"s":{"0":14,"1":4,"2":10,"3":27,"4":27,"5":27,"6":27},"f":{"0":14,"1":27},"b":{"0":[4,10],"1":[14,13],"2":[27,0],"3":[27,0],"4":[10,17]},"_coverageSchema":"1a1c01bbd47fc00a2c39e90264f33305004495a9","hash":"07778becfa85191121f0da51874f1faf1a1cab4b"},"C:\\Users\\aryaa\\OneDrive\\Desktop\\TravelMate\\frontend\\travelmate-ui\\src\\store\\userSlice.js":{"path":"C:\\Users\\aryaa\\OneDrive\\Desktop\\TravelMate\\frontend\\travelmate-ui\\src\\store\\userSlice.js","statementMap":{"0":{"start":{"line":3,"column":21},"end":{"line":8,"column":1}},"1":{"start":{"line":10,"column":25},"end":{"line":29,"column":2}},"2":{"start":{"line":15,"column":6},"end":{"line":15,"column":34}},"3":{"start":{"line":18,"column":6},"end":{"line":18,"column":41}},"4":{"start":{"line":19,"column":6},"end":{"line":19,"column":39}},"5":{"start":{"line":20,"column":6},"end":{"line":20,"column":41}},"6":{"start":{"line":23,"column":6},"end":{"line":23,"column":24}},"7":{"start":{"line":24,"column":6},"end":{"line":24,"column":25}},"8":{"start":{"line":25,"column":6},"end":{"line":25,"column":24}},"9":{"start":{"line":26,"column":6},"end":{"line":26,"column":25}},"10":{"start":{"line":31,"column":51},"end":{"line":31,"column":68}}},"fnMap":{"0":{"name":"(anonymous_0)","decl":{"start":{"line":14,"column":13},"end":{"line":14,"column":14}},"loc":{"start":{"line":14,"column":32},"end":{"line":16,"column":5}},"line":14},"1":{"name":"(anonymous_1)","decl":{"start":{"line":17,"column":20},"end":{"line":17,"column":21}},"loc":{"start":{"line":17,"column":39},"end":{"line":21,"column":5}},"line":17},"2":{"name":"(anonymous_2)","decl":{"start":{"line":22,"column":12},"end":{"line":22,"column":13}},"loc":{"start":{"line":22,"column":23},"end":{"line":27,"column":5}},"line":22}},"branchMap":{"0":{"loc":{"start":{"line":5,"column":9},"end":{"line":5,"column":81}},"type":"binary-expr","locations":[{"start":{"line":5,"column":9},"end":{"line":5,"column":40}},{"start":{"line":5,"column":44},"end":{"line":5,"column":73}},{"start":{"line":5,"column":77},"end":{"line":5,"column":81}}],"line":5},"1":{"loc":{"start":{"line":6,"column":8},"end":{"line":6,"column":78}},"type":"binary-expr","locations":[{"start":{"line":6,"column":8},"end":{"line":6,"column":38}},{"start":{"line":6,"column":42},"end":{"line":6,"column":70}},{"start":{"line":6,"column":74},"end":{"line":6,"column":78}}],"line":6},"2":{"loc":{"start":{"line":7,"column":9},"end":{"line":7,"column":81}},"type":"binary-expr","locations":[{"start":{"line":7,"column":9},"end":{"line":7,"column":40}},{"start":{"line":7,"column":44},"end":{"line":7,"column":73}},{"start":{"line":7,"column":77},"end":{"line":7,"column":81}}],"line":7}},"s":{"0":2,"1":2,"2":1,"3":3,"4":3,"5":3,"6":1,"7":1,"8":1,"9":1,"10":2},"f":{"0":1,"1":3,"2":1},"b":{"0":[2,2,2],"1":[2,2,2],"2":[2,2,2]},"_coverageSchema":"1a1c01bbd47fc00a2c39e90264f33305004495a9","hash":"9409688f0ce9dccb9e973cf2a99e0392a5ec92de"},"C:\\Users\\aryaa\\OneDrive\\Desktop\\TravelMate\\frontend\\travelmate-ui\\src\\services\\api.js":{"path":"C:\\Users\\aryaa\\OneDrive\\Desktop\\TravelMate\\frontend\\travelmate-ui\\src\\services\\api.js","statementMap":{"0":{"start":{"line":3,"column":12},"end":{"line":5,"column":2}},"1":{"start":{"line":8,"column":0},"end":{"line":14,"column":3}},"2":{"start":{"line":9,"column":16},"end":{"line":9,"column":80}},"3":{"start":{"line":10,"column":2},"end":{"line":12,"column":3}},"4":{"start":{"line":11,"column":4},"end":{"line":11,"column":50}},"5":{"start":{"line":13,"column":2},"end":{"line":13,"column":13}},"6":{"start":{"line":17,"column":0},"end":{"line":27,"column":2}},"7":{"start":{"line":18,"column":11},"end":{"line":18,"column":14}},"8":{"start":{"line":20,"column":4},"end":{"line":24,"column":5}},"9":{"start":{"line":21,"column":6},"end":{"line":21,"column":29}},"10":{"start":{"line":22,"column":6},"end":{"line":22,"column":27}},"11":{"start":{"line":23,"column":6},"end":{"line":23,"column":33}},"12":{"start":{"line":25,"column":4},"end":{"line":25,"column":31}}},"fnMap":{"0":{"name":"(anonymous_0)","decl":{"start":{"line":8,"column":29},"end":{"line":8,"column":30}},"loc":{"start":{"line":8,"column":38},"end":{"line":14,"column":1}},"line":8},"1":{"name":"(anonymous_1)","decl":{"start":{"line":18,"column":2},"end":{"line":18,"column":3}},"loc":{"start":{"line":18,"column":11},"end":{"line":18,"column":14}},"line":18},"2":{"name":"(anonymous_2)","decl":{"start":{"line":19,"column":2},"end":{"line":19,"column":3}},"loc":{"start":{"line":19,"column":11},"end":{"line":26,"column":3}},"line":19}},"branchMap":{"0":{"loc":{"start":{"line":9,"column":16},"end":{"line":9,"column":80}},"type":"binary-expr","locations":[{"start":{"line":9,"column":16},"end":{"line":9,"column":47}},{"start":{"line":9,"column":51},"end":{"line":9,"column":80}}],"line":9},"1":{"loc":{"start":{"line":10,"column":2},"end":{"line":12,"column":3}},"type":"if","locations":[{"start":{"line":10,"column":2},"end":{"line":12,"column":3}},{"start":{},"end":{}}],"line":10},"2":{"loc":{"start":{"line":20,"column":4},"end":{"line":24,"column":5}},"type":"if","locations":[{"start":{"line":20,"column":4},"end":{"line":24,"column":5}},{"start":{},"end":{}}],"line":20}},"s":{"0":11,"1":11,"2":3,"3":3,"4":2,"5":3,"6":11,"7":1,"8":2,"9":1,"10":1,"11":1,"12":2},"f":{"0":3,"1":1,"2":2},"b":{"0":[3,2],"1":[2,1],"2":[1,1]},"_coverageSchema":"1a1c01bbd47fc00a2c39e90264f33305004495a9","hash":"0394f7607634fb427ec31d4ba3fd7cb28d3b92ce"},"C:\\Users\\aryaa\\OneDrive\\Desktop\\TravelMate\\frontend\\travelmate-ui\\src\\pages\\Login.js":{"path":"C:\\Users\\aryaa\\OneDrive\\Desktop\\TravelMate\\frontend\\travelmate-ui\\src\\pages\\Login.js","statementMap":{"0":{"start":{"line":8,"column":19},"end":{"line":8,"column":32}},"1":{"start":{"line":9,"column":19},"end":{"line":9,"column":32}},"2":{"start":{"line":10,"column":26},"end":{"line":10,"column":63}},"3":{"start":{"line":11,"column":28},"end":{"line":11,"column":40}},"4":{"start":{"line":12,"column":32},"end":{"line":12,"column":47}},"5":{"start":{"line":16,"column":16},"end":{"line":57,"column":3}},"6":{"start":{"line":17,"column":4},"end":{"line":20,"column":5}},"7":{"start":{"line":18,"column":6},"end":{"line":18,"column":45}},"8":{"start":{"line":19,"column":6},"end":{"line":19,"column":13}},"9":{"start":{"line":21,"column":4},"end":{"line":21,"column":17}},"10":{"start":{"line":22,"column":4},"end":{"line":22,"column":21}},"11":{"start":{"line":23,"column":4},"end":{"line":56,"column":5}},"12":{"start":{"line":24,"column":18},"end":{"line":24,"column":53}},"13":{"start":{"line":26,"column":23},"end":{"line":30,"column":7}},"14":{"start":{"line":33,"column":6},"end":{"line":33,"column":54}},"15":{"start":{"line":34,"column":6},"end":{"line":34,"column":54}},"16":{"start":{"line":35,"column":6},"end":{"line":35,"column":71}},"17":{"start":{"line":35,"column":25},"end":{"line":35,"column":71}},"18":{"start":{"line":37,"column":6},"end":{"line":37,"column":52}},"19":{"start":{"line":38,"column":6},"end":{"line":38,"column":52}},"20":{"start":{"line":39,"column":6},"end":{"line":39,"column":69}},"21":{"start":{"line":39,"column":25},"end":{"line":39,"column":69}},"22":{"start":{"line":42,"column":6},"end":{"line":42,"column":41}},"23":{"start":{"line":44,"column":6},"end":{"line
[...]
olumn":0},"end":{"line":125,"column":1}},"2":{"start":{"line":121,"column":14},"end":{"line":121,"column":45}},"3":{"start":{"line":122,"column":2},"end":{"line":122,"column":28}},"4":{"start":{"line":123,"column":2},"end":{"line":123,"column":33}},"5":{"start":{"line":124,"column":2},"end":{"line":124,"column":33}},"6":{"start":{"line":129,"column":2},"end":{"line":158,"column":4}},"7":{"start":{"line":141,"column":12},"end":{"line":147,"column":18}},"8":{"start":{"line":163,"column":16},"end":{"line":163,"column":54}},"9":{"start":{"line":164,"column":26},"end":{"line":168,"column":4}},"10":{"start":{"line":169,"column":42},"end":{"line":169,"column":57}},"11":{"start":{"line":170,"column":42},"end":{"line":170,"column":54}},"12":{"start":{"line":171,"column":42},"end":{"line":171,"column":57}},"13":{"start":{"line":172,"column":42},"end":{"line":172,"column":56}},"14":{"start":{"line":173,"column":42},"end":{"line":173,"column":57}},"15":{"start":{"line":175,"column":23},"end":{"line":181,"column":3}},"16":{"start":{"line":176,"column":18},"end":{"line":176,"column":46}},"17":{"start":{"line":177,"column":4},"end":{"line":180,"column":8}},"18":{"start":{"line":177,"column":18},"end":{"line":180,"column":5}},"19":{"start":{"line":179,"column":53},"end":{"line":179,"column":69}},"20":{"start":{"line":183,"column":24},"end":{"line":192,"column":3}},"21":{"start":{"line":184,"column":4},"end":{"line":184,"column":49}},"22":{"start":{"line":184,"column":20},"end":{"line":184,"column":39}},"23":{"start":{"line":184,"column":40},"end":{"line":184,"column":47}},"24":{"start":{"line":185,"column":4},"end":{"line":190,"column":5}},"25":{"start":{"line":186,"column":6},"end":{"line":189,"column":37}},"26":{"start":{"line":187,"column":18},"end":{"line":187,"column":59}},"27":{"start":{"line":188,"column":8},"end":{"line":188,"column":47}},"28":{"start":{"line":189,"column":16},"end":{"line":189,"column":35}},"29":{"start":{"line":191,"column":4},"end":{"line":191,"column":22}},"30":{"start":{"line":194,"column":21},"end":{"line":202,"column":3}},"31":{"start":{"line":195,"column":4},"end":{"line":197,"column":5}},"32":{"start":{"line":195,"column":29},"end":{"line":195,"column":38}},"33":{"start":{"line":196,"column":6},"end":{"line":196,"column":54}},"34":{"start":{"line":196,"column":55},"end":{"line":196,"column":62}},"35":{"start":{"line":198,"column":18},"end":{"line":198,"column":61}},"36":{"start":{"line":198,"column":38},"end":{"line":198,"column":60}},"37":{"start":{"line":199,"column":4},"end":{"line":200,"column":84}},"38":{"start":{"line":199,"column":29},"end":{"line":199,"column":51}},"39":{"start":{"line":200,"column":77},"end":{"line":200,"column":84}},"40":{"start":{"line":201,"column":4},"end":{"line":201,"column":24}},"41":{"start":{"line":204,"column":18},"end":{"line":251,"column":3}},"42":{"start":{"line":205,"column":4},"end":{"line":205,"column":25}},"43":{"start":{"line":205,"column":26},"end":{"line":205,"column":39}},"44":{"start":{"line":205,"column":40},"end":{"line":205,"column":57}},"45":{"start":{"line":206,"column":25},"end":{"line":206,"column":48}},"46":{"start":{"line":207,"column":25},"end":{"line":207,"column":75}},"47":{"start":{"line":208,"column":4},"end":{"line":250,"column":36}},"48":{"start":{"line":209,"column":6},"end":{"line":234,"column":7}},"49":{"start":{"line":210,"column":22},"end":{"line":210,"column":52}},"50":{"start":{"line":211,"column":8},"end":{"line":233,"column":11}},"51":{"start":{"line":212,"column":10},"end":{"line":212,"column":93}},"52":{"start":{"line":212,"column":34},"end":{"line":212,"column":83}},"53":{"start":{"line":212,"column":84},"end":{"line":212,"column":91}},"54":{"start":{"line":213,"column":22},"end":{"line":230,"column":12}},"55":{"start":{"line":220,"column":14},"end":{"line":227,"column":40}},"56":{"start":{"line":221,"column":16},"end":{"line":225,"column":19}},"57":{"start":{"line":226,"column":16},"end":{"line":226,"column":26}},"58":{"start":{"line":227,"column":28},"end":{"line":227,"column":38}},"59":{"start":{"line":229,"column":38},"end":{"line":229,"column":77}},"60":{"start":{"line":231,"column":10},"end":{"line":231,"column":102}},"61":{"start":{"line":231,"column":40},"end":{"line":231,"column":100}},"62":{"start":{"line":232,"column":10},"end":{"line":232,"column":21}},"63":{"start":{"line":235,"column":6},"end":{"line":246,"column":9}},"64":{"start":{"line":247,"column":6},"end":{"line":247,"column":77}},"65":{"start":{"line":249,"column":6},"end":{"line":249,"column":91}},"66":{"start":{"line":250,"column":16},"end":{"line":250,"column":34}},"67":{"start":{"line":253,"column":16},"end":{"line":253,"column":39}},"68":{"start":{"line":254,"column":16},"end":{"line":254,"column":66}},"69":{"start":{"line":256,"column":2},"end":{"line":400,"column":4}},"70":{"start":{"line":268,"column":38},"end":{"line":268,"column":58}},"71":{"start":{"line":294,"column":84},"end":{"line":294,"column":113}},"72":{"start":{"line":296,"column":84},"end":{"line":296,"column":113}},"73":{"start":{"line":306,"column":33},"end":{"line":306,"column":84}},"74":{"start":{"line":306,"column":47},"end":{"line":306,"column":82}},"75":{"start":{"line":315,"column":20},"end":{"line":324,"column":26}},"76":{"start":{"line":320,"column":40},"end":{"line":320,"column":55}},"77":{"start":{"line":320,"column":57},"end":{"line":320,"column":83}},"78":{"start":{"line":321,"column":26},"end":{"line":321,"column":58}},"79":{"start":{"line":321,"column":40},"end":{"line":321,"column":55}},"80":{"start":{"line":344,"column":38},"end":{"line":344,"column":87}},"81":{"start":{"line":344,"column":52},"end":{"line":344,"column":85}},"82":{"start":{"line":349,"column":38},"end":{"line":349,"column":105}},"83":{"start":{"line":349,"column":52},"end":{"line":349,"column":103}},"84":{"start":{"line":361,"column":35},"end":{"line":361,"column":90}},"85":{"start":{"line":361,"column":49},"end":{"line":361,"column":88}}},"fnMap":{"0":{"name":"PolicyScreen","decl":{"start":{"line":128,"column":9},"end":{"line":128,"column":21}},"loc":{"start":{"line":128,"column":54},"end":{"line":159,"column":1}},"line":128},"1":{"name":"(anonymous_1)","decl":{"start":{"line":140,"column":16},"end":{"line":140,"column":17}},"loc":{"start":{"line":141,"column":12},"end":{"line":147,"column":18}},"line":141},"2":{"name":"BookingModal","decl":{"start":{"line":162,"column":24},"end":{"line":162,"column":36}},"loc":{"start":{"line":162,"column":73},"end":{"line":401,"column":1}},"line":162},"3":{"name":"(anonymous_3)","decl":{"start":{"line":175,"column":23},"end":{"line":175,"column":24}},"loc":{"start":{"line":175,"column":28},"end":{"line":181,"column":3}},"line":175},"4":{"name":"(anonymous_4)","decl":{"start":{"line":177,"column":12},"end":{"line":177,"column":13}},"loc":{"start":{"line":177,"column":18},"end":{"line":180,"column":5}},"line":177},"5":{"name":"(anonymous_5)","decl":{"start":{"line":179,"column":43},"end":{"line":179,"column":44}},"loc":{"start":{"line":179,"column":53},"end":{"line":179,"column":69}},"line":179},"6":{"name":"(anonymous_6)","decl":{"start":{"line":183,"column":24},"end":{"line":183,"column":25}},"loc":{"start":{"line":183,"column":36},"end":{"line":192,"column":3}},"line":183},"7":{"name":"(anonymous_7)","decl":{"start":{"line":194,"column":21},"end":{"line":194,"column":22}},"loc":{"start":{"line":194,"column":27},"end":{"line":202,"column":3}},"line":194},"8":{"name":"(anonymous_8)","decl":{"start":{"line":195,"column":24},"end":{"line":195,"column":25}},"loc":{"start":{"line":195,"column":29},"end":{"line":195,"column":38}},"line":195},"9":{"name":"(anonymous_9)","decl":{"start":{"line":198,"column":33},"end":{"line":198,"column":34}},"loc":{"start":{"line":198,"column":38},"end":{"line":198,"column":60}},"line":198},"10":{"name":"(anonymous_10)","decl":{"start":{"line":199,"column":19},"end":{"line":199,"column":20}},"loc":{"start":{"line":199,"column":29},"end":{"line":199,"column":51}},"line":199},"11":{"name":"(anonymous_11)","decl":{"start":{"line":204,"column":18},"end":{"line":204,"column":19}},"loc":{"start":{"line":204,"column":30},"end":{"line":251,"column":3}},"line":204},"12":{"name":"(anonymous_12)","decl":{"start":{"line":211,"column":26},"end":{"line":211,"column":27}},"loc":{"start":{"line":211,"column":47},"end":{"line":233,"column":9}},"line":211},"13":{"name":"(anonymous_13)","decl":{"start":{"line":219,"column":21},"end":{"line":219,"column":22}},"loc":{"start":{"line":219,"column":35},"end":{"line":228,"column":13}},"line":219},"14":{"name":"(anonymous_14)","decl":{"start":{"line":229,"column":32},"end":{"line":229,"column":33}},"loc":{"start":{"line":229,"column":38},"end":{"line":229,"column":77}},"line":229},"15":{"name":"(anonymous_15)","decl":{"start":{"line":231,"column":35},"end":{"line":231,"column":36}},"loc":{"start":{"line":231,"column":40},"end":{"line":231,"column":100}},"line":231},"16":{"name":"(anonymous_16)","decl":{"start":{"line":268,"column":32},"end":{"line":268,"column":33}},"loc":{"start":{"line":268,"column":38},"end":{"line":268,"column":58}},"line":268},"17":{"name":"(anonymous_17)","decl":{"start":{"line":294,"column":78},"end":{"line":294,"column":79}},"loc":{"start":{"line":294,"column":84},"end":{"line":294,"column":113}},"line":294},"18":{"name":"(anonymous_18)","decl":{"start":{"line":296,"column":78},"end":{"line":296,"column":79}},"loc":{"start":{"line":296,"column":84},"end":{"line":296,"column":113}},"line":296},"19":{"name":"(anonymous_19)","decl":{"start":{"line":306,"column":28},"end":{"line":306,"column":29}},"loc":{"start":{"line":306,"column":33},"end":{"line":306,"column":84}},"line":306},"20":{"name":"(anonymous_20)","decl":{"start":{"line":306,"column":41},"end":{"line":306,"column":42}},"loc":{"start":{"line":306,"column":47},"end":{"line":306,"column":82}},"line":306},"21":{"name":"(anonymous_21)","decl":{"start":{"line":314,"column":34},"end":{"line":314,"column":35}},"loc":{"start":{"line":315,"column":20},"end":{"line":324,"column":26}},"line":315},"22":{"name":"(anonymous_22)","decl":{"start":{"line":319,"column":34},"end":{"line":319,"column":35}},"loc":{"start":{"line":319,"column":39},"end":{"line":322,"column":25}},"line":319},"23":{"name":"(anonymous_23)","decl":{"start":{"line":321,"column":34},"end":{"line":321,"column":35}},"loc":{"start":{"line":321,"column":40},"end":{"line":321,"column":55}},"line":321},"24":{"name":"(anonymous_24)","decl":{"start":{"line":344,"column":32},"end":{"line":344,"column":33}},"loc":{"start":{"line":344,"column":38},"end":{"line":344,"column":87}},"line":344},"25":{"name":"(anonymous_25)","decl":{"start":{"line":344,"column":46},"end":{"line":344,"column":47}},"loc":{"start":{"line":344,"column":52},"end":{"line":344,"column":85}},"line":344},"26":{"name":"(anonymous_26)","decl":{"start":{"line":349,"column":32},"end":{"line":349,"column":33}},"loc":{"start":{"line":349,"column":38},"end":{"line":349,"column":105}},"line":349},"27":{"name":"(anonymous_27)","decl":{"start":{"line":349,"column":46},"end":{"line":349,"column":47}},"loc":{"start":{"line":349,"column":52},"end":{"line":349,"column":103}},"line":349},"28":{"name":"(anonymous_28)","decl":{"start":{"line":361,"column":30},"end":{"line":361,"column":31}},"loc":{"start":{"line":361,"column":35},"end":{"line":361,"column":90}},"line":361},"29":{"name":"(anonymous_29)","decl":{"start":{"line":361,"column":43},"end":{"line":361,"column":44}},"loc":{"start":{"line":361,"column":49},"end":{"line":361,"column":88}},"line":361}},"branchMap":{"0":{"loc":{"start":{"line":120,"column":0},"end":{"line":125,"column":1}},"type":"if","locations":[{"start":{"line":120,"column":0},"end":{"line":125,"column":1}},{"start":{},"end":{}}],"line":120},"1":{"loc":{"start":{"line":154,"column":11},"end":{"line":154,"column":54}},"type":"cond-expr","locations":[{"start":{"line":154,"column":21},"end":{"line":154,"column":34}},{"start":{"line":154,"column":37},"end":{"line":154,"column":54}}],"line":154},"2":{"loc":{"start":{"line":179,"column":53},"end":{"line":179,"column":69}},"type":"binary-expr","locations":[{"start":{"line":179,"column":53},"end":{"line":179,"column":63}},{"start":{"line":179,"column":67},"end":{"line":179,"column":69}}],"line":179},"3":{"loc":{"start":{"line":184,"column":4},"end":{"line":184,"column":49}},"type":"if","locations":[{"start":{"line":184,"column":4},"end":{"line":184,"column":49}},{"start":{},"end":{}}],"line":184},"4":{"loc":{"start":{"line":185,"column":4},"end":{"line":190,"column":5}},"type":"if","locations":[{"start":{"line":185,"column":4},"end":{"line":190,"column":5}},{"start":{},"end":{}}],"line":185},"5":{"loc":{"start":{"line":188,"column":23},"end":{"line":188,"column":45}},"type":"binary-expr","locations":[{"start":{"line":188,"column":23},"end":{"line":188,"column":39}},{"start":{"line":188,"column":43},"end":{"line":188,"column":45}}],"line":188},"6":{"loc":{"start":{"line":195,"column":4},"end":{"line":197,"column":5}},"type":"if","locations":[{"start":{"line":195,"column":4},"end":{"line":197,"column":5}},{"start":{},"end":{}}],"line":195},"7":{"loc":{"start":{"line":199,"column":4},"end":{"line":200,"column":84}},"type":"if","locations":[{"start":{"line":199,"column":4},"end":{"line":200,"column":84}},{"start":{},"end":{}}],"line":199},"8":{"loc":{"start":{"line":199,"column":8},"end":{"line":200,"column":75}},"type":"binary-expr","locations":[{"start":{"line":199,"column":8},"end":{"line":199,"column":52}},{"start":{"line":200,"column":8},"end":{"line":200,"column":75}}],"line":199},"9":{"loc":{"start":{"line":207,"column":25},"end":{"line":207,"column":75}},"type":"cond-expr","locations":[{"start":{"line":207,"column":44},"end":{"line":207,"column":49}},{"start":{"line":207,"column":52},"end":{"line":207,"column":75}}],"line":207},"10":{"loc":{"start":{"line":209,"column":6},"end":{"line":234,"column":7}},"type":"if","locations":[{"start":{"line":209,"column":6},"end":{"line":234,"column":7}},{"start":{},"end":{}}],"line":209},"11":{"loc":{"start":{"line":212,"column":10},"end":{"line":212,"column":93}},"type":"if","locations":[{"start":{"line":212,"column":10},"end":{"line":212,"column":93}},{"start":{},"end":{}}],"line":212},"12":{"loc":{"start":{"line":214,"column":25},"end":{"line":214,"column":88}},"type":"binary-expr","locations":[{"start":{"line":214,"column":25},"end":{"line":214,"column":59}},{"start":{"line":214,"column":63},"end":{"line":214,"column":88}}],"line":214},"13":{"loc":{"start":{"line":215,"column":49},"end":{"line":215,"column":72}},"type":"binary-expr","locations":[{"start":{"line":215,"column":49},"end":{"line":215,"column":63}},{"start":{"line":215,"column":67},"end":{"line":215,"column":72}}],"line":215},"14":{"loc":{"start":{"line":231,"column":57},"end":{"line":231,"column":98}},"type":"binary-expr","locations":[{"start":{"line":231,"column":57},"end":{"line":231,"column":77}},{"start":{"line":231,"column":81},"end":{"line":231,"column":98}}],"line":231},"15":{"loc":{"start":{"line":249,"column":15},"end":{"line":249,"column":89}},"type":"binary-expr","locations":[{"start":{"line":249,"column":15},"end":{"line":249,"column":26}},{"start":{"line":249,"column":30},"end":{"line":249,"column":57}},{"start":{"line":249,"column":61},"end":{"line":249,"column":89}}],"line":249},"16":{"loc":{"start":{"line":254,"column":16},"end":{"line":254,"column":66}},"type":"cond-expr","locations":[{"start":{"line":254,"column":35},"end":{"line":254,"column":40}},{"start":{"line":254,"column":43},"end":{"line":254,"column":66}}],"line":254},"17":{"loc":{"start":{"line":267,"column":7},"end":{"line":397,"column":9}},"type":"cond-expr","locations":[{"start":{"line":268,"column":10},"end":{"line":268,"column":100}},{"start":{"line":270,"column":10},"end":{"line":396,"column":13}}],"line":267},"18":{"loc":{"start":{"line":283,"column":15},"end":{"line":287,"column":15}},"type":"binary-expr","locations":[{"start":{"line":283,"column":15},"end":{"line":283,"column":20}},{"start":{"line":284,"column":16},"end":{"line":286,"column":24}}],"line":283},"19":{"loc":{"start":{"line":315,"column":37},"end":{"line":315,"column":61}},"type":"cond-expr","locations":[{"start":{"line":315,"column":55},"end":{"line":315,"column":56}},{"start":{"line":315,"column":59},"end":{"line":315,"column":61}}],"line":315},"20":{"loc":{"start":{"line":362,"column":38},"end":{"line":362,"column":77}},"type":"cond-expr","locations":[{"start":{"line":362,"column":70},"end":{"line":362,"column":73}},{"start":{"line":362,"column":76},"end":{"line":362,"column":77}}],"line":362},"21":{"loc":{"start":{"line":365,"column":24},"end":{"line":365,"column":64}},"type":"cond-expr","locations":[{"start":{"line":365,"column":43},"end":{"line":365,"column":52}},{"start":{"line":365,"column":55},"end":{"line":365,"column":64}}],"line":365},"22":{"loc":{"start":{"line":366,"column":26},"end":{"line":366,"column":63}},"type":"cond-expr","locations":[{"start":{"line":366,"column":45},"end":{"line":366,"column":54}},{"start":{"line":366,"column":57},"end":{"line":366,"column":63}}],"line":366},"23":{"loc":{"start":{"line":369,"column":21},"end":{"line":369,"column":62}},"type":"cond-expr","locations":[{"start":{"line":369,"column":40},"end":{"line":369,"column":46}},{"start":{"line":369,"column":49},"end":{"line":369,"column":62}}],"line":369},"24":{"loc":{"start":{"line":382,"column":17},"end":{"line":382,"column":83}},"type":"cond-expr","locations":[{"start":{"line":382,"column":28},"end":{"line":382,"column":54}},{"start":{"line":382,"column":57},"end":{"line":382,"column":83}}],"line":382},"25":{"loc":{"start":{"line":384,"column":15},"end":{"line":384,"column":74}},"type":"binary-expr","locations":[{"start":{"line":384,"column":15},"end":{"line":384,"column":23}},{"start":{"line":384,"column":27},"end":{"line":384,"column":74}}],"line":384},"26":{"loc":{"start":{"line":384,"column":53},"end":{"line":384,"column":70}},"type":"binary-expr","locations":[{"start":{"line":384,"column":53},"end":{"line":384,"column":64}},{"start":{"line":384,"column":68},"end":{"line":384,"column":70}}],"line":384},"27":{"loc":{"start":{"line":393,"column":17},"end":{"line":393,"column":55}},"type":"cond-expr","locations":[{"start":{"line":393,"column":27},"end":{"line":393,"column":40}},{"start":{"line":393,"column":43},"end":{"line":393,"column":55}}],"line":393}},"s":{"0":1,"1":1,"2":1,"3":1,"4":1,"5":1,"6":1,"7":3,"8":23,"9":23,"10":23,"11":23,"12":23,"13":23,"14":23,"15":23,"16":3,"17":3,"18":3,"19":5,"20":23,"21":1,"22":0,"23":0,"24":1,"25":1,"26":1,"27":1,"28":0,"29":1,"30":23,"31":3,"32":4,"33":1,"34":1,"35":2,"36":3,"37":2,"38":3,"39":1,"40":1,"41":23,"42":1,"43":1,"44":1,"45":1,"46":1,"47":1,"48":1,"49":0,"50":0,"51":0,"52":0,"53":0,"54":0,"55":0,"56":0,"57":0,"58":0,"59":0,"60":0,"61":0,"62":0,"63":1,"64":1,"65":0,"66":1,"67":23,"68":23,"69":23,"70":0,"71":1,"72":2,"73":0,"74":0,"75":26,"76":3,"77":3,"78":3,"79":3,"80":0,"81":0,"82":1,"83":1,"84":0,"85":0},"f":{"0":1,"1":3,"2":23,"3":3,"4":3,"5":5,"6":1,"7":3,"8":4,"9":3,"10":3,"11":1,"12":0,"13":0,"14":0,"15":0,"16":0,"17":1,"18":2,"19":0,"20":0,"21":26,"22":3,"23":3,"24":0,"25":0,"26":1,"27":1,"28":0,"29":0},"b":{"0":[1,0],"1":[0,1],"2":[5,5],"3":[0,1],"4":[1,0],"5":[1,0],"6":[1,2],"7":[1,1],"8":[2,1],"9":[0,1],"10":[0,1],"11":[0,0],"12":[0,0],"13":[0,0],"14":[0,0],"15":[0,0,0],"16":[0,23],"17":[1,22],"18":[22,1],"19":[8,18],"20":[3,19],"21":[0,22],"22":[0,22],"23":[0,22],"24":[1,21],"25":[22,1],"26":[1,0],"27":[1,21]},"_coverageSchema":"1a1c01bbd47fc00a2c39e90264f33305004495a9","hash":"420346e6389ee82d7db801b238fe5e127fbae6f9"},"C:\\Users\\aryaa\\OneDrive\\Desktop\\TravelMate\\frontend\\travelmate-ui\\src\\store\\store.js":{"path":"C:\\Users\\aryaa\\OneDrive\\Desktop\\TravelMate\\frontend\\travelmate-ui\\src\\store\\store.js","statementMap":{"0":{"start":{"line":4,"column":21},"end":{"line":8,"column":2}}},"fnMap":{},"branchMap":{},"s":{"0":0},"f":{},"b":{}}}}